# JRE version: OpenJDK Runtime Environment (8.0_212-b04) (build 1.8.0_212-3-redhat-b04)
# Java VM: OpenJDK 64-Bit Server VM (25.212-b04 mixed mode windows-amd64 compressed oops)
Heap:
 PSYoungGen      total 310272K, used 41425K [0x00000000eab00000, 0x0000000100000000, 0x0000000100000000)
  eden space 273408K, 15% used [0x00000000eab00000,0x00000000ed374480,0x00000000fb600000)
  from space 36864K, 0% used [0x00000000fdc00000,0x00000000fdc00000,0x0000000100000000)
  to   space 37888K, 0% used [0x00000000fb600000,0x00000000fb600000,0x00000000fdb00000)
 ParOldGen       total 215552K, used 62115K [0x00000000c0000000, 0x00000000cd280000, 0x00000000eab00000)
  object space 215552K, 28% used [0x00000000c0000000,0x00000000c3ca8f10,0x00000000cd280000)
 Metaspace       used 57746K, capacity 61500K, committed 61696K, reserved 1101824K
  class space    used 7736K, capacity 8686K, committed 8704K, reserved 1048576K
GC Heap History (26 events):
Event: 1.332 GC heap before
{Heap before GC invocations=1 (full 0):
 PSYoungGen      total 76288K, used 65536K [0x00000000eab00000, 0x00000000f0000000, 0x0000000100000000)
  eden space 65536K, 100% used [0x00000000eab00000,0x00000000eeb00000,0x00000000eeb00000)
  from space 10752K, 0% used [0x00000000ef580000,0x00000000ef580000,0x00000000f0000000)
  to   space 10752K, 0% used [0x00000000eeb00000,0x00000000eeb00000,0x00000000ef580000)
 ParOldGen       total 175104K, used 0K [0x00000000c0000000, 0x00000000cab00000, 0x00000000eab00000)
  object space 175104K, 0% used [0x00000000c0000000,0x00000000c0000000,0x00000000cab00000)
 Metaspace       used 12383K, capacity 12716K, committed 12928K, reserved 1060864K
  class space    used 1541K, capacity 1640K, committed 1664K, reserved 1048576K
Event: 1.339 GC heap after
Heap after GC invocations=1 (full 0):
 PSYoungGen      total 76288K, used 8273K [0x00000000eab00000, 0x00000000f0000000, 0x0000000100000000)
  eden space 65536K, 0% used [0x00000000eab00000,0x00000000eab00000,0x00000000eeb00000)
  from space 10752K, 76% used [0x00000000eeb00000,0x00000000ef3147a8,0x00000000ef580000)
  to   space 10752K, 0% used [0x00000000ef580000,0x00000000ef580000,0x00000000f0000000)
 ParOldGen       total 175104K, used 16K [0x00000000c0000000, 0x00000000cab00000, 0x00000000eab00000)
  object space 175104K, 0% used [0x00000000c0000000,0x00000000c0004000,0x00000000cab00000)
 Metaspace       used 12383K, capacity 12716K, committed 12928K, reserved 1060864K
  class space    used 1541K, capacity 1640K, committed 1664K, reserved 1048576K
}
Event: 1.798 GC heap before
{Heap before GC invocations=2 (full 0):
 PSYoungGen      total 76288K, used 73809K [0x00000000eab00000, 0x00000000f0000000, 0x0000000100000000)
  eden space 65536K, 100% used [0x00000000eab00000,0x00000000eeb00000,0x00000000eeb00000)
  from space 10752K, 76% used [0x00000000eeb00000,0x00000000ef3147a8,0x00000000ef580000)
  to   space 10752K, 0% used [0x00000000ef580000,0x00000000ef580000,0x00000000f0000000)
 ParOldGen       total 175104K, used 16K [0x00000000c0000000, 0x00000000cab00000, 0x00000000eab00000)
  object space 175104K, 0% used [0x00000000c0000000,0x00000000c0004000,0x00000000cab00000)
 Metaspace       used 18405K, capacity 18772K, committed 18816K, reserved 1064960K
  class space    used 2544K, capacity 2650K, committed 2688K, reserved 1048576K
Event: 1.808 GC heap after
Heap after GC invocations=2 (full 0):
 PSYoungGen      total 76288K, used 10726K [0x00000000eab00000, 0x00000000f4000000, 0x0000000100000000)
  eden space 65536K, 0% used [0x00000000eab00000,0x00000000eab00000,0x00000000eeb00000)
  from space 10752K, 99% used [0x00000000ef580000,0x00000000efff98b8,0x00000000f0000000)
  to   space 10752K, 0% used [0x00000000eeb00000,0x00000000eeb00000,0x00000000ef580000)
 ParOldGen       total 175104K, used 602K [0x00000000c0000000, 0x00000000cab00000, 0x00000000eab00000)
  object space 175104K, 0% used [0x00000000c0000000,0x00000000c00969e8,0x00000000cab00000)
 Metaspace       used 18405K, capacity 18772K, committed 18816K, reserved 1064960K
  class space    used 2544K, capacity 2650K, committed 2688K, reserved 1048576K
}
Event: 1.998 GC heap before
{Heap before GC invocations=3 (full 0):
 PSYoungGen      total 76288K, used 31196K [0x00000000eab00000, 0x00000000f4000000, 0x0000000100000000)
  eden space 65536K, 31% used [0x00000000eab00000,0x00000000ebefd928,0x00000000eeb00000)
  from space 10752K, 99% used [0x00000000ef580000,0x00000000efff98b8,0x00000000f0000000)
  to   space 10752K, 0% used [0x00000000eeb00000,0x00000000eeb00000,0x00000000ef580000)
 ParOldGen       total 175104K, used 602K [0x00000000c0000000, 0x00000000cab00000, 0x00000000eab00000)
  object space 175104K, 0% used [0x00000000c0000000,0x00000000c00969e8,0x00000000cab00000)
 Metaspace       used 20918K, capacity 21242K, committed 21296K, reserved 1067008K
  class space    used 2817K, capacity 2939K, committed 2944K, reserved 1048576K
Event: 2.003 GC heap after
Heap after GC invocations=3 (full 0):
 PSYoungGen      total 76288K, used 7948K [0x00000000eab00000, 0x00000000f4000000, 0x0000000100000000)
  eden space 65536K, 0% used [0x00000000eab00000,0x00000000eab00000,0x00000000eeb00000)
  from space 10752K, 73% used [0x00000000eeb00000,0x00000000ef2c31e8,0x00000000ef580000)
  to   space 10752K, 0% used [0x00000000f3580000,0x00000000f3580000,0x00000000f4000000)
 ParOldGen       total 175104K, used 610K [0x00000000c0000000, 0x00000000cab00000, 0x00000000eab00000)
  object space 175104K, 0% used [0x00000000c0000000,0x00000000c00989e8,0x00000000cab00000)
 Metaspace       used 20918K, capacity 21242K, committed 21296K, reserved 1067008K
  class space    used 2817K, capacity 2939K, committed 2944K, reserved 1048576K
}
Event: 2.003 GC heap before
{Heap before GC invocations=4 (full 1):
 PSYoungGen      total 76288K, used 7948K [0x00000000eab00000, 0x00000000f4000000, 0x0000000100000000)
  eden space 65536K, 0% used [0x00000000eab00000,0x00000000eab00000,0x00000000eeb00000)
  from space 10752K, 73% used [0x00000000eeb00000,0x00000000ef2c31e8,0x00000000ef580000)
  to   space 10752K, 0% used [0x00000000f3580000,0x00000000f3580000,0x00000000f4000000)
 ParOldGen       total 175104K, used 610K [0x00000000c0000000, 0x00000000cab00000, 0x00000000eab00000)
  object space 175104K, 0% used [0x00000000c0000000,0x00000000c00989e8,0x00000000cab00000)
 Metaspace       used 20918K, capacity 21242K, committed 21296K, reserved 1067008K
  class space    used 2817K, capacity 2939K, committed 2944K, reserved 1048576K
Event: 2.025 GC heap after
Heap after GC invocations=4 (full 1):
 PSYoungGen      total 76288K, used 0K [0x00000000eab00000, 0x00000000f4000000, 0x0000000100000000)
  eden space 65536K, 0% used [0x00000000eab00000,0x00000000eab00000,0x00000000eeb00000)
  from space 10752K, 0% used [0x00000000eeb00000,0x00000000eeb00000,0x00000000ef580000)
  to   space 10752K, 0% used [0x00000000f3580000,0x00000000f3580000,0x00000000f4000000)
 ParOldGen       total 100864K, used 7759K [0x00000000c0000000, 0x00000000c6280000, 0x00000000eab00000)
  object space 100864K, 7% used [0x00000000c0000000,0x00000000c0793ee0,0x00000000c6280000)
 Metaspace       used 20918K, capacity 21242K, committed 21296K, reserved 1067008K
  class space    used 2817K, capacity 2939K, committed 2944K, reserved 1048576K
}
Event: 2.612 GC heap before
{Heap before GC invocations=5 (full 1):
 PSYoungGen      total 76288K, used 65536K [0x00000000eab00000, 0x00000000f4000000, 0x0000000100000000)
  eden space 65536K, 100% used [0x00000000eab00000,0x00000000eeb00000,0x00000000eeb00000)
  from space 10752K, 0% used [0x00000000eeb00000,0x00000000eeb00000,0x00000000ef580000)
  to   space 10752K, 0% used [0x00000000f3580000,0x00000000f3580000,0x00000000f4000000)
 ParOldGen       total 100864K, used 7759K [0x00000000c0000000, 0x00000000c6280000, 0x00000000eab00000)
  object space 100864K, 7% used [0x00000000c0000000,0x00000000c0793ee0,0x00000000c6280000)
 Metaspace       used 28266K, capacity 28748K, committed 28800K, reserved 1075200K
  class space    used 3555K, capacity 3705K, committed 3712K, reserved 1048576K
Event: 2.619 GC heap after
Heap after GC invocations=5 (full 1):
 PSYoungGen      total 112128K, used 8192K [0x00000000eab00000, 0x00000000f3e00000, 0x0000000100000000)
  eden space 103424K, 0% used [0x00000000eab00000,0x00000000eab00000,0x00000000f1000000)
  from space 8704K, 94% used [0x00000000f3580000,0x00000000f3d801a8,0x00000000f3e00000)
  to   space 10752K, 0% used [0x00000000f2900000,0x00000000f2900000,0x00000000f3380000)
 ParOldGen       total 100864K, used 7767K [0x00000000c0000000, 0x00000000c6280000, 0x00000000eab00000)
  object space 100864K, 7% used [0x00000000c0000000,0x00000000c0795ee0,0x00000000c6280000)
 Metaspace       used 28266K, capacity 28748K, committed 28800K, reserved 1075200K
  class space    used 3555K, capacity 3705K, committed 3712K, reserved 1048576K
}
Event: 3.240 GC heap before
{Heap before GC invocations=6 (full 1):
 PSYoungGen      total 112128K, used 111616K [0x00000000eab00000, 0x00000000f3e00000, 0x0000000100000000)
  eden space 103424K, 100% used [0x00000000eab00000,0x00000000f1000000,0x00000000f1000000)
  from space 8704K, 94% used [0x00000000f3580000,0x00000000f3d801a8,0x00000000f3e00000)
  to   space 10752K, 0% used [0x00000000f2900000,0x00000000f2900000,0x00000000f3380000)
 ParOldGen       total 100864K, used 7767K [0x00000000c0000000, 0x00000000c6280000, 0x00000000eab00000)
  object space 100864K, 7% used [0x00000000c0000000,0x00000000c0795ee0,0x00000000c6280000)
 Metaspace       used 34638K, capacity 35138K, committed 35328K, reserved 1079296K
  class space    used 4598K, capacity 4743K, committed 4864K, reserved 1048576K
Event: 3.251 GC heap after
Heap after GC invocations=6 (full 1):
 PSYoungGen      total 139776K, used 10736K [0x00000000eab00000, 0x00000000f6680000, 0x0000000100000000)
  eden space 129024K, 0% used [0x00000000eab00000,0x00000000eab00000,0x00000000f2900000)
  from space 10752K, 99% used [0x00000000f2900000,0x00000000f337c150,0x00000000f3380000)
  to   space 13824K, 0% used [0x00000000f5900000,0x00000000f5900000,0x00000000f6680000)
 ParOldGen       total 100864K, used 9905K [0x00000000c0000000, 0x00000000c6280000, 0x00000000eab00000)
  object space 100864K, 9% used [0x00000000c0000000,0x00000000c09ac580,0x00000000c6280000)
 Metaspace       used 34638K, capacity 35138K, committed 35328K, reserved 1079296K
  class space    used 4598K, capacity 4743K, committed 4864K, reserved 1048576K
}
Event: 3.279 GC heap before
{Heap before GC invocations=7 (full 1):
 PSYoungGen      total 139776K, used 19473K [0x00000000eab00000, 0x00000000f6680000, 0x0000000100000000)
  eden space 129024K, 6% used [0x00000000eab00000,0x00000000eb3882f8,0x00000000f2900000)
  from space 10752K, 99% used [0x00000000f2900000,0x00000000f337c150,0x00000000f3380000)
  to   space 13824K, 0% used [0x00000000f5900000,0x00000000f5900000,0x00000000f6680000)
 ParOldGen       total 100864K, used 9905K [0x00000000c0000000, 0x00000000c6280000, 0x00000000eab00000)
  object space 100864K, 9% used [0x00000000c0000000,0x00000000c09ac580,0x00000000c6280000)
 Metaspace       used 34928K, capacity 35400K, committed 35496K, reserved 1079296K
  class space    used 4641K, capacity 4808K, committed 4864K, reserved 1048576K
Event: 3.287 GC heap after
Heap after GC invocations=7 (full 1):
 PSYoungGen      total 178176K, used 8544K [0x00000000eab00000, 0x00000000fb000000, 0x0000000100000000)
  eden space 164352K, 0% used [0x00000000eab00000,0x00000000eab00000,0x00000000f4b80000)
  from space 13824K, 61% used [0x00000000f5900000,0x00000000f6158000,0x00000000f6680000)
  to   space 13824K, 0% used [0x00000000f4b80000,0x00000000f4b80000,0x00000000f5900000)
 ParOldGen       total 100864K, used 9905K [0x00000000c0000000, 0x00000000c6280000, 0x00000000eab00000)
  object space 100864K, 9% used [0x00000000c0000000,0x00000000c09ac580,0x00000000c6280000)
 Metaspace       used 34928K, capacity 35400K, committed 35496K, reserved 1079296K
  class space    used 4641K, capacity 4808K, committed 4864K, reserved 1048576K
}
Event: 3.287 GC heap before
{Heap before GC invocations=8 (full 2):
 PSYoungGen      total 178176K, used 8544K [0x00000000eab00000, 0x00000000fb000000, 0x0000000100000000)
  eden space 164352K, 0% used [0x00000000eab00000,0x00000000eab00000,0x00000000f4b80000)
  from space 13824K, 61% used [0x00000000f5900000,0x00000000f6158000,0x00000000f6680000)
  to   space 13824K, 0% used [0x00000000f4b80000,0x00000000f4b80000,0x00000000f5900000)
 ParOldGen       total 100864K, used 9905K [0x00000000c0000000, 0x00000000c6280000, 0x00000000eab00000)
  object space 100864K, 9% used [0x00000000c0000000,0x00000000c09ac580,0x00000000c6280000)
 Metaspace       used 34928K, capacity 35400K, committed 35496K, reserved 1079296K
  class space    used 4641K, capacity 4808K, committed 4864K, reserved 1048576K
Event: 3.326 GC heap after
Heap after GC invocations=8 (full 2):
 PSYoungGen      total 178176K, used 0K [0x00000000eab00000, 0x00000000fb000000, 0x0000000100000000)
  eden space 164352K, 0% used [0x00000000eab00000,0x00000000eab00000,0x00000000f4b80000)
  from space 13824K, 0% used [0x00000000f5900000,0x00000000f5900000,0x00000000f6680000)
  to   space 13824K, 0% used [0x00000000f4b80000,0x00000000f4b80000,0x00000000f5900000)
 ParOldGen       total 130560K, used 13843K [0x00000000c0000000, 0x00000000c7f80000, 0x00000000eab00000)
  object space 130560K, 10% used [0x00000000c0000000,0x00000000c0d84da8,0x00000000c7f80000)
 Metaspace       used 34797K, capacity 35216K, committed 35496K, reserved 1079296K
  class space    used 4614K, capacity 4768K, committed 4864K, reserved 1048576K
}
Event: 5.065 GC heap before
{Heap before GC invocations=9 (full 2):
 PSYoungGen      total 178176K, used 164352K [0x00000000eab00000, 0x00000000fb000000, 0x0000000100000000)
  eden space 164352K, 100% used [0x00000000eab00000,0x00000000f4b80000,0x00000000f4b80000)
  from space 13824K, 0% used [0x00000000f5900000,0x00000000f5900000,0x00000000f6680000)
  to   space 13824K, 0% used [0x00000000f4b80000,0x00000000f4b80000,0x00000000f5900000)
 ParOldGen       total 130560K, used 13860K [0x00000000c0000000, 0x00000000c7f80000, 0x00000000eab00000)
  object space 130560K, 10% used [0x00000000c0000000,0x00000000c0d89128,0x00000000c7f80000)
 Metaspace       used 42616K, capacity 43382K, committed 43648K, reserved 1087488K
  class space    used 5737K, capacity 5967K, committed 6016K, reserved 1048576K
Event: 5.080 GC heap after
Heap after GC invocations=9 (full 2):
 PSYoungGen      total 178176K, used 13803K [0x00000000eab00000, 0x00000000fdf00000, 0x0000000100000000)
  eden space 164352K, 0% used [0x00000000eab00000,0x00000000eab00000,0x00000000f4b80000)
  from space 13824K, 99% used [0x00000000f4b80000,0x00000000f58fada0,0x00000000f5900000)
  to   space 16896K, 0% used [0x00000000fce80000,0x00000000fce80000,0x00000000fdf00000)
 ParOldGen       total 130560K, used 16698K [0x00000000c0000000, 0x00000000c7f80000, 0x00000000eab00000)
  object space 130560K, 12% used [0x00000000c0000000,0x00000000c104e830,0x00000000c7f80000)
 Metaspace       used 42616K, capacity 43382K, committed 43648K, reserved 1087488K
  class space    used 5737K, capacity 5967K, committed 6016K, reserved 1048576K
}
Event: 6.642 GC heap before
{Heap before GC invocations=10 (full 2):
 PSYoungGen      total 178176K, used 178155K [0x00000000eab00000, 0x00000000fdf00000, 0x0000000100000000)
  eden space 164352K, 100% used [0x00000000eab00000,0x00000000f4b80000,0x00000000f4b80000)
  from space 13824K, 99% used [0x00000000f4b80000,0x00000000f58fada0,0x00000000f5900000)
  to   space 16896K, 0% used [0x00000000fce80000,0x00000000fce80000,0x00000000fdf00000)
 ParOldGen       total 130560K, used 16706K [0x00000000c0000000, 0x00000000c7f80000, 0x00000000eab00000)
  object space 130560K, 12% used [0x00000000c0000000,0x00000000c1050a50,0x00000000c7f80000)
 Metaspace       used 47161K, capacity 49222K, committed 49280K, reserved 1091584K
  class space    used 6314K, capacity 6743K, committed 6784K, reserved 1048576K
Event: 6.683 GC heap after
Heap after GC invocations=10 (full 2):
 PSYoungGen      total 290304K, used 16869K [0x00000000eab00000, 0x00000000fea80000, 0x0000000100000000)
  eden space 273408K, 0% used [0x00000000eab00000,0x00000000eab00000,0x00000000fb600000)
  from space 16896K, 99% used [0x00000000fce80000,0x00000000fdef95c0,0x00000000fdf00000)
  to   space 25088K, 0% used [0x00000000fb600000,0x00000000fb600000,0x00000000fce80000)
 ParOldGen       total 130560K, used 31654K [0x00000000c0000000, 0x00000000c7f80000, 0x00000000eab00000)
  object space 130560K, 24% used [0x00000000c0000000,0x00000000c1ee9a30,0x00000000c7f80000)
 Metaspace       used 47161K, capacity 49222K, committed 49280K, reserved 1091584K
  class space    used 6314K, capacity 6743K, committed 6784K, reserved 1048576K
}
Event: 226.737 GC heap before
{Heap before GC invocations=11 (full 2):
 PSYoungGen      total 290304K, used 290277K [0x00000000eab00000, 0x00000000fea80000, 0x0000000100000000)
  eden space 273408K, 100% used [0x00000000eab00000,0x00000000fb600000,0x00000000fb600000)
  from space 16896K, 99% used [0x00000000fce80000,0x00000000fdef95c0,0x00000000fdf00000)
  to   space 25088K, 0% used [0x00000000fb600000,0x00000000fb600000,0x00000000fce80000)
 ParOldGen       total 130560K, used 31654K [0x00000000c0000000, 0x00000000c7f80000, 0x00000000eab00000)
  object space 130560K, 24% used [0x00000000c0000000,0x00000000c1ee9a30,0x00000000c7f80000)
 Metaspace       used 52424K, capacity 56086K, committed 56192K, reserved 1097728K
  class space    used 7058K, capacity 7994K, committed 8064K, reserved 1048576K
Event: 226.775 GC heap after
Heap after GC invocations=11 (full 2):
 PSYoungGen      total 298496K, used 25070K [0x00000000eab00000, 0x0000000100000000, 0x0000000100000000)
  eden space 273408K, 0% used [0x00000000eab00000,0x00000000eab00000,0x00000000fb600000)
  from space 25088K, 99% used [0x00000000fb600000,0x00000000fce7ba98,0x00000000fce80000)
  to   space 36864K, 0% used [0x00000000fdc00000,0x00000000fdc00000,0x0000000100000000)
 ParOldGen       total 130560K, used 51311K [0x00000000c0000000, 0x00000000c7f80000, 0x00000000eab00000)
  object space 130560K, 39% used [0x00000000c0000000,0x00000000c321bf58,0x00000000c7f80000)
 Metaspace       used 52424K, capacity 56086K, committed 56192K, reserved 1097728K
  class space    used 7058K, capacity 7994K, committed 8064K, reserved 1048576K
}
Event: 228.384 GC heap before
{Heap before GC invocations=12 (full 2):
 PSYoungGen      total 298496K, used 172435K [0x00000000eab00000, 0x0000000100000000, 0x0000000100000000)
  eden space 273408K, 53% used [0x00000000eab00000,0x00000000f3ae93e0,0x00000000fb600000)
  from space 25088K, 99% used [0x00000000fb600000,0x00000000fce7ba98,0x00000000fce80000)
  to   space 36864K, 0% used [0x00000000fdc00000,0x00000000fdc00000,0x0000000100000000)
 ParOldGen       total 130560K, used 51311K [0x00000000c0000000, 0x00000000c7f80000, 0x00000000eab00000)
  object space 130560K, 39% used [0x00000000c0000000,0x00000000c321bf58,0x00000000c7f80000)
 Metaspace       used 55211K, capacity 59062K, committed 59136K, reserved 1099776K
  class space    used 7409K, capacity 8380K, committed 8448K, reserved 1048576K
Event: 228.418 GC heap after
Heap after GC invocations=12 (full 2):
 PSYoungGen      total 310272K, used 25277K [0x00000000eab00000, 0x0000000100000000, 0x0000000100000000)
  eden space 273408K, 0% used [0x00000000eab00000,0x00000000eab00000,0x00000000fb600000)
  from space 36864K, 68% used [0x00000000fdc00000,0x00000000ff4af7d0,0x0000000100000000)
  to   space 37888K, 0% used [0x00000000fb600000,0x00000000fb600000,0x00000000fdb00000)
 ParOldGen       total 130560K, used 63034K [0x00000000c0000000, 0x00000000c7f80000, 0x00000000eab00000)
  object space 130560K, 48% used [0x00000000c0000000,0x00000000c3d8eac8,0x00000000c7f80000)
 Metaspace       used 55211K, capacity 59062K, committed 59136K, reserved 1099776K
  class space    used 7409K, capacity 8380K, committed 8448K, reserved 1048576K
}
Event: 228.418 GC heap before
{Heap before GC invocations=13 (full 3):
 PSYoungGen      total 310272K, used 25277K [0x00000000eab00000, 0x0000000100000000, 0x0000000100000000)
  eden space 273408K, 0% used [0x00000000eab00000,0x00000000eab00000,0x00000000fb600000)
  from space 36864K, 68% used [0x00000000fdc00000,0x00000000ff4af7d0,0x0000000100000000)
  to   space 37888K, 0% used [0x00000000fb600000,0x00000000fb600000,0x00000000fdb00000)
 ParOldGen       total 130560K, used 63034K [0x00000000c0000000, 0x00000000c7f80000, 0x00000000eab00000)
  object space 130560K, 48% used [0x00000000c0000000,0x00000000c3d8eac8,0x00000000c7f80000)
 Metaspace       used 55211K, capacity 59062K, committed 59136K, reserved 1099776K
  class space    used 7409K, capacity 8380K, committed 8448K, reserved 1048576K
Event: 228.650 GC heap after
Heap after GC invocations=13 (full 3):
 PSYoungGen      total 310272K, used 0K [0x00000000eab00000, 0x0000000100000000, 0x0000000100000000)
  eden space 273408K, 0% used [0x00000000eab00000,0x00000000eab00000,0x00000000fb600000)
  from space 36864K, 0% used [0x00000000fdc00000,0x00000000fdc00000,0x0000000100000000)
  to   space 37888K, 0% used [0x00000000fb600000,0x00000000fb600000,0x00000000fdb00000)
 ParOldGen       total 215552K, used 62115K [0x00000000c0000000, 0x00000000cd280000, 0x00000000eab00000)
  object space 215552K, 28% used [0x00000000c0000000,0x00000000c3ca8f10,0x00000000cd280000)
 Metaspace       used 55141K, capacity 58844K, committed 59136K, reserved 1099776K
  class space    used 7395K, capacity 8334K, committed 8448K, reserved 1048576K
}

