# JRE version: OpenJDK Runtime Environment (8.0_212-b04) (build 1.8.0_212-3-redhat-b04)
# Java VM: OpenJDK 64-Bit Server VM (25.212-b04 mixed mode windows-amd64 compressed oops)
Heap:
 PSYoungGen      total 305152K, used 116692K [0x00000000eab00000, 0x0000000100000000, 0x0000000100000000)
  eden space 271360K, 30% used [0x00000000eab00000,0x00000000efbf7b68,0x00000000fb400000)
  from space 33792K, 99% used [0x00000000fdf00000,0x00000000ffffd6c0,0x0000000100000000)
  to   space 38912K, 0% used [0x00000000fb400000,0x00000000fb400000,0x00000000fda00000)
 ParOldGen       total 236544K, used 65195K [0x00000000c0000000, 0x00000000ce700000, 0x00000000eab00000)
  object space 236544K, 27% used [0x00000000c0000000,0x00000000c3faaec0,0x00000000ce700000)
 Metaspace       used 64395K, capacity 68118K, committed 68352K, reserved 1107968K
  class space    used 8457K, capacity 9402K, committed 9472K, reserved 1048576K
GC Heap History (26 events):
Event: 1.379 GC heap before
{Heap before GC invocations=1 (full 0):
 PSYoungGen      total 76288K, used 65536K [0x00000000eab00000, 0x00000000f0000000, 0x0000000100000000)
  eden space 65536K, 100% used [0x00000000eab00000,0x00000000eeb00000,0x00000000eeb00000)
  from space 10752K, 0% used [0x00000000ef580000,0x00000000ef580000,0x00000000f0000000)
  to   space 10752K, 0% used [0x00000000eeb00000,0x00000000eeb00000,0x00000000ef580000)
 ParOldGen       total 175104K, used 0K [0x00000000c0000000, 0x00000000cab00000, 0x00000000eab00000)
  object space 175104K, 0% used [0x00000000c0000000,0x00000000c0000000,0x00000000cab00000)
 Metaspace       used 12384K, capacity 12716K, committed 12928K, reserved 1060864K
  class space    used 1541K, capacity 1640K, committed 1664K, reserved 1048576K
Event: 1.386 GC heap after
Heap after GC invocations=1 (full 0):
 PSYoungGen      total 76288K, used 8293K [0x00000000eab00000, 0x00000000f0000000, 0x0000000100000000)
  eden space 65536K, 0% used [0x00000000eab00000,0x00000000eab00000,0x00000000eeb00000)
  from space 10752K, 77% used [0x00000000eeb00000,0x00000000ef3194b8,0x00000000ef580000)
  to   space 10752K, 0% used [0x00000000ef580000,0x00000000ef580000,0x00000000f0000000)
 ParOldGen       total 175104K, used 16K [0x00000000c0000000, 0x00000000cab00000, 0x00000000eab00000)
  object space 175104K, 0% used [0x00000000c0000000,0x00000000c0004000,0x00000000cab00000)
 Metaspace       used 12384K, capacity 12716K, committed 12928K, reserved 1060864K
  class space    used 1541K, capacity 1640K, committed 1664K, reserved 1048576K
}
Event: 1.828 GC heap before
{Heap before GC invocations=2 (full 0):
 PSYoungGen      total 76288K, used 73829K [0x00000000eab00000, 0x00000000f0000000, 0x0000000100000000)
  eden space 65536K, 100% used [0x00000000eab00000,0x00000000eeb00000,0x00000000eeb00000)
  from space 10752K, 77% used [0x00000000eeb00000,0x00000000ef3194b8,0x00000000ef580000)
  to   space 10752K, 0% used [0x00000000ef580000,0x00000000ef580000,0x00000000f0000000)
 ParOldGen       total 175104K, used 16K [0x00000000c0000000, 0x00000000cab00000, 0x00000000eab00000)
  object space 175104K, 0% used [0x00000000c0000000,0x00000000c0004000,0x00000000cab00000)
 Metaspace       used 18177K, capacity 18548K, committed 18816K, reserved 1064960K
  class space    used 2518K, capacity 2618K, committed 2688K, reserved 1048576K
Event: 1.839 GC heap after
Heap after GC invocations=2 (full 0):
 PSYoungGen      total 76288K, used 10720K [0x00000000eab00000, 0x00000000f4000000, 0x0000000100000000)
  eden space 65536K, 0% used [0x00000000eab00000,0x00000000eab00000,0x00000000eeb00000)
  from space 10752K, 99% used [0x00000000ef580000,0x00000000efff8398,0x00000000f0000000)
  to   space 10752K, 0% used [0x00000000eeb00000,0x00000000eeb00000,0x00000000ef580000)
 ParOldGen       total 175104K, used 376K [0x00000000c0000000, 0x00000000cab00000, 0x00000000eab00000)
  object space 175104K, 0% used [0x00000000c0000000,0x00000000c005e208,0x00000000cab00000)
 Metaspace       used 18177K, capacity 18548K, committed 18816K, reserved 1064960K
  class space    used 2518K, capacity 2618K, committed 2688K, reserved 1048576K
}
Event: 1.989 GC heap before
{Heap before GC invocations=3 (full 0):
 PSYoungGen      total 76288K, used 26845K [0x00000000eab00000, 0x00000000f4000000, 0x0000000100000000)
  eden space 65536K, 24% used [0x00000000eab00000,0x00000000ebabf1a0,0x00000000eeb00000)
  from space 10752K, 99% used [0x00000000ef580000,0x00000000efff8398,0x00000000f0000000)
  to   space 10752K, 0% used [0x00000000eeb00000,0x00000000eeb00000,0x00000000ef580000)
 ParOldGen       total 175104K, used 376K [0x00000000c0000000, 0x00000000cab00000, 0x00000000eab00000)
  object space 175104K, 0% used [0x00000000c0000000,0x00000000c005e208,0x00000000cab00000)
 Metaspace       used 20933K, capacity 21242K, committed 21296K, reserved 1067008K
  class space    used 2819K, capacity 2940K, committed 2944K, reserved 1048576K
Event: 1.994 GC heap after
Heap after GC invocations=3 (full 0):
 PSYoungGen      total 76288K, used 7951K [0x00000000eab00000, 0x00000000f4000000, 0x0000000100000000)
  eden space 65536K, 0% used [0x00000000eab00000,0x00000000eab00000,0x00000000eeb00000)
  from space 10752K, 73% used [0x00000000eeb00000,0x00000000ef2c3f00,0x00000000ef580000)
  to   space 10752K, 0% used [0x00000000f3580000,0x00000000f3580000,0x00000000f4000000)
 ParOldGen       total 175104K, used 384K [0x00000000c0000000, 0x00000000cab00000, 0x00000000eab00000)
  object space 175104K, 0% used [0x00000000c0000000,0x00000000c0060208,0x00000000cab00000)
 Metaspace       used 20933K, capacity 21242K, committed 21296K, reserved 1067008K
  class space    used 2819K, capacity 2940K, committed 2944K, reserved 1048576K
}
Event: 1.994 GC heap before
{Heap before GC invocations=4 (full 1):
 PSYoungGen      total 76288K, used 7951K [0x00000000eab00000, 0x00000000f4000000, 0x0000000100000000)
  eden space 65536K, 0% used [0x00000000eab00000,0x00000000eab00000,0x00000000eeb00000)
  from space 10752K, 73% used [0x00000000eeb00000,0x00000000ef2c3f00,0x00000000ef580000)
  to   space 10752K, 0% used [0x00000000f3580000,0x00000000f3580000,0x00000000f4000000)
 ParOldGen       total 175104K, used 384K [0x00000000c0000000, 0x00000000cab00000, 0x00000000eab00000)
  object space 175104K, 0% used [0x00000000c0000000,0x00000000c0060208,0x00000000cab00000)
 Metaspace       used 20933K, capacity 21242K, committed 21296K, reserved 1067008K
  class space    used 2819K, capacity 2940K, committed 2944K, reserved 1048576K
Event: 2.018 GC heap after
Heap after GC invocations=4 (full 1):
 PSYoungGen      total 76288K, used 0K [0x00000000eab00000, 0x00000000f4000000, 0x0000000100000000)
  eden space 65536K, 0% used [0x00000000eab00000,0x00000000eab00000,0x00000000eeb00000)
  from space 10752K, 0% used [0x00000000eeb00000,0x00000000eeb00000,0x00000000ef580000)
  to   space 10752K, 0% used [0x00000000f3580000,0x00000000f3580000,0x00000000f4000000)
 ParOldGen       total 98304K, used 7759K [0x00000000c0000000, 0x00000000c6000000, 0x00000000eab00000)
  object space 98304K, 7% used [0x00000000c0000000,0x00000000c0793de0,0x00000000c6000000)
 Metaspace       used 20933K, capacity 21242K, committed 21296K, reserved 1067008K
  class space    used 2819K, capacity 2940K, committed 2944K, reserved 1048576K
}
Event: 2.594 GC heap before
{Heap before GC invocations=5 (full 1):
 PSYoungGen      total 76288K, used 65536K [0x00000000eab00000, 0x00000000f4000000, 0x0000000100000000)
  eden space 65536K, 100% used [0x00000000eab00000,0x00000000eeb00000,0x00000000eeb00000)
  from space 10752K, 0% used [0x00000000eeb00000,0x00000000eeb00000,0x00000000ef580000)
  to   space 10752K, 0% used [0x00000000f3580000,0x00000000f3580000,0x00000000f4000000)
 ParOldGen       total 98304K, used 7759K [0x00000000c0000000, 0x00000000c6000000, 0x00000000eab00000)
  object space 98304K, 7% used [0x00000000c0000000,0x00000000c0793de0,0x00000000c6000000)
 Metaspace       used 28042K, capacity 28688K, committed 28928K, reserved 1075200K
  class space    used 3612K, capacity 3813K, committed 3840K, reserved 1048576K
Event: 2.600 GC heap after
Heap after GC invocations=5 (full 1):
 PSYoungGen      total 113152K, used 8018K [0x00000000eab00000, 0x00000000f3d80000, 0x0000000100000000)
  eden space 104960K, 0% used [0x00000000eab00000,0x00000000eab00000,0x00000000f1180000)
  from space 8192K, 97% used [0x00000000f3580000,0x00000000f3d549c0,0x00000000f3d80000)
  to   space 10752K, 0% used [0x00000000f2880000,0x00000000f2880000,0x00000000f3300000)
 ParOldGen       total 98304K, used 7767K [0x00000000c0000000, 0x00000000c6000000, 0x00000000eab00000)
  object space 98304K, 7% used [0x00000000c0000000,0x00000000c0795de0,0x00000000c6000000)
 Metaspace       used 28042K, capacity 28688K, committed 28928K, reserved 1075200K
  class space    used 3612K, capacity 3813K, committed 3840K, reserved 1048576K
}
Event: 3.209 GC heap before
{Heap before GC invocations=6 (full 1):
 PSYoungGen      total 113152K, used 112978K [0x00000000eab00000, 0x00000000f3d80000, 0x0000000100000000)
  eden space 104960K, 100% used [0x00000000eab00000,0x00000000f1180000,0x00000000f1180000)
  from space 8192K, 97% used [0x00000000f3580000,0x00000000f3d549c0,0x00000000f3d80000)
  to   space 10752K, 0% used [0x00000000f2880000,0x00000000f2880000,0x00000000f3300000)
 ParOldGen       total 98304K, used 7767K [0x00000000c0000000, 0x00000000c6000000, 0x00000000eab00000)
  object space 98304K, 7% used [0x00000000c0000000,0x00000000c0795de0,0x00000000c6000000)
 Metaspace       used 34395K, capacity 35086K, committed 35328K, reserved 1079296K
  class space    used 4660K, capacity 4853K, committed 4864K, reserved 1048576K
Event: 3.220 GC heap after
Heap after GC invocations=6 (full 1):
 PSYoungGen      total 139264K, used 10744K [0x00000000eab00000, 0x00000000f6880000, 0x0000000100000000)
  eden space 128512K, 0% used [0x00000000eab00000,0x00000000eab00000,0x00000000f2880000)
  from space 10752K, 99% used [0x00000000f2880000,0x00000000f32fe228,0x00000000f3300000)
  to   space 13312K, 0% used [0x00000000f5b80000,0x00000000f5b80000,0x00000000f6880000)
 ParOldGen       total 98304K, used 8752K [0x00000000c0000000, 0x00000000c6000000, 0x00000000eab00000)
  object space 98304K, 8% used [0x00000000c0000000,0x00000000c088c380,0x00000000c6000000)
 Metaspace       used 34395K, capacity 35086K, committed 35328K, reserved 1079296K
  class space    used 4660K, capacity 4853K, committed 4864K, reserved 1048576K
}
Event: 3.266 GC heap before
{Heap before GC invocations=7 (full 1):
 PSYoungGen      total 139264K, used 19007K [0x00000000eab00000, 0x00000000f6880000, 0x0000000100000000)
  eden space 128512K, 6% used [0x00000000eab00000,0x00000000eb3119f8,0x00000000f2880000)
  from space 10752K, 99% used [0x00000000f2880000,0x00000000f32fe228,0x00000000f3300000)
  to   space 13312K, 0% used [0x00000000f5b80000,0x00000000f5b80000,0x00000000f6880000)
 ParOldGen       total 98304K, used 8752K [0x00000000c0000000, 0x00000000c6000000, 0x00000000eab00000)
  object space 98304K, 8% used [0x00000000c0000000,0x00000000c088c380,0x00000000c6000000)
 Metaspace       used 34737K, capacity 35316K, committed 35456K, reserved 1079296K
  class space    used 4716K, capacity 4886K, committed 4992K, reserved 1048576K
Event: 3.272 GC heap after
Heap after GC invocations=7 (full 1):
 PSYoungGen      total 181248K, used 7880K [0x00000000eab00000, 0x00000000fa300000, 0x0000000100000000)
  eden space 167936K, 0% used [0x00000000eab00000,0x00000000eab00000,0x00000000f4f00000)
  from space 13312K, 59% used [0x00000000f5b80000,0x00000000f63320c0,0x00000000f6880000)
  to   space 12800K, 0% used [0x00000000f4f00000,0x00000000f4f00000,0x00000000f5b80000)
 ParOldGen       total 98304K, used 8760K [0x00000000c0000000, 0x00000000c6000000, 0x00000000eab00000)
  object space 98304K, 8% used [0x00000000c0000000,0x00000000c088e380,0x00000000c6000000)
 Metaspace       used 34737K, capacity 35316K, committed 35456K, reserved 1079296K
  class space    used 4716K, capacity 4886K, committed 4992K, reserved 1048576K
}
Event: 3.272 GC heap before
{Heap before GC invocations=8 (full 2):
 PSYoungGen      total 181248K, used 7880K [0x00000000eab00000, 0x00000000fa300000, 0x0000000100000000)
  eden space 167936K, 0% used [0x00000000eab00000,0x00000000eab00000,0x00000000f4f00000)
  from space 13312K, 59% used [0x00000000f5b80000,0x00000000f63320c0,0x00000000f6880000)
  to   space 12800K, 0% used [0x00000000f4f00000,0x00000000f4f00000,0x00000000f5b80000)
 ParOldGen       total 98304K, used 8760K [0x00000000c0000000, 0x00000000c6000000, 0x00000000eab00000)
  object space 98304K, 8% used [0x00000000c0000000,0x00000000c088e380,0x00000000c6000000)
 Metaspace       used 34737K, capacity 35316K, committed 35456K, reserved 1079296K
  class space    used 4716K, capacity 4886K, committed 4992K, reserved 1048576K
Event: 3.306 GC heap after
Heap after GC invocations=8 (full 2):
 PSYoungGen      total 181248K, used 0K [0x00000000eab00000, 0x00000000fa300000, 0x0000000100000000)
  eden space 167936K, 0% used [0x00000000eab00000,0x00000000eab00000,0x00000000f4f00000)
  from space 13312K, 0% used [0x00000000f5b80000,0x00000000f5b80000,0x00000000f6880000)
  to   space 12800K, 0% used [0x00000000f4f00000,0x00000000f4f00000,0x00000000f5b80000)
 ParOldGen       total 134656K, used 14160K [0x00000000c0000000, 0x00000000c8380000, 0x00000000eab00000)
  object space 134656K, 10% used [0x00000000c0000000,0x00000000c0dd41f0,0x00000000c8380000)
 Metaspace       used 34697K, capacity 35196K, committed 35456K, reserved 1079296K
  class space    used 4706K, capacity 4846K, committed 4992K, reserved 1048576K
}
Event: 4.610 GC heap before
{Heap before GC invocations=9 (full 2):
 PSYoungGen      total 181248K, used 167936K [0x00000000eab00000, 0x00000000fa300000, 0x0000000100000000)
  eden space 167936K, 100% used [0x00000000eab00000,0x00000000f4f00000,0x00000000f4f00000)
  from space 13312K, 0% used [0x00000000f5b80000,0x00000000f5b80000,0x00000000f6880000)
  to   space 12800K, 0% used [0x00000000f4f00000,0x00000000f4f00000,0x00000000f5b80000)
 ParOldGen       total 134656K, used 14160K [0x00000000c0000000, 0x00000000c8380000, 0x00000000eab00000)
  object space 134656K, 10% used [0x00000000c0000000,0x00000000c0dd41f0,0x00000000c8380000)
 Metaspace       used 42697K, capacity 43640K, committed 43776K, reserved 1087488K
  class space    used 5813K, capacity 6076K, committed 6144K, reserved 1048576K
Event: 4.627 GC heap after
Heap after GC invocations=9 (full 2):
 PSYoungGen      total 180736K, used 12790K [0x00000000eab00000, 0x00000000fd800000, 0x0000000100000000)
  eden space 167936K, 0% used [0x00000000eab00000,0x00000000eab00000,0x00000000f4f00000)
  from space 12800K, 99% used [0x00000000f4f00000,0x00000000f5b7da50,0x00000000f5b80000)
  to   space 16384K, 0% used [0x00000000fc800000,0x00000000fc800000,0x00000000fd800000)
 ParOldGen       total 134656K, used 18467K [0x00000000c0000000, 0x00000000c8380000, 0x00000000eab00000)
  object space 134656K, 13% used [0x00000000c0000000,0x00000000c1208fb8,0x00000000c8380000)
 Metaspace       used 42697K, capacity 43640K, committed 43776K, reserved 1087488K
  class space    used 5813K, capacity 6076K, committed 6144K, reserved 1048576K
}
Event: 6.226 GC heap before
{Heap before GC invocations=10 (full 2):
 PSYoungGen      total 180736K, used 180726K [0x00000000eab00000, 0x00000000fd800000, 0x0000000100000000)
  eden space 167936K, 100% used [0x00000000eab00000,0x00000000f4f00000,0x00000000f4f00000)
  from space 12800K, 99% used [0x00000000f4f00000,0x00000000f5b7da50,0x00000000f5b80000)
  to   space 16384K, 0% used [0x00000000fc800000,0x00000000fc800000,0x00000000fd800000)
 ParOldGen       total 134656K, used 18467K [0x00000000c0000000, 0x00000000c8380000, 0x00000000eab00000)
  object space 134656K, 13% used [0x00000000c0000000,0x00000000c1208fb8,0x00000000c8380000)
 Metaspace       used 46991K, capacity 49252K, committed 49408K, reserved 1091584K
  class space    used 6369K, capacity 6804K, committed 6912K, reserved 1048576K
Event: 6.259 GC heap after
Heap after GC invocations=10 (full 2):
 PSYoungGen      total 282624K, used 16373K [0x00000000eab00000, 0x00000000fe600000, 0x0000000100000000)
  eden space 266240K, 0% used [0x00000000eab00000,0x00000000eab00000,0x00000000faf00000)
  from space 16384K, 99% used [0x00000000fc800000,0x00000000fd7fd5c0,0x00000000fd800000)
  to   space 25600K, 0% used [0x00000000faf00000,0x00000000faf00000,0x00000000fc800000)
 ParOldGen       total 134656K, used 35254K [0x00000000c0000000, 0x00000000c8380000, 0x00000000eab00000)
  object space 134656K, 26% used [0x00000000c0000000,0x00000000c226d920,0x00000000c8380000)
 Metaspace       used 46991K, capacity 49252K, committed 49408K, reserved 1091584K
  class space    used 6369K, capacity 6804K, committed 6912K, reserved 1048576K
}
Event: 9.764 GC heap before
{Heap before GC invocations=11 (full 2):
 PSYoungGen      total 282624K, used 250340K [0x00000000eab00000, 0x00000000fe600000, 0x0000000100000000)
  eden space 266240K, 87% used [0x00000000eab00000,0x00000000f8f7bbd8,0x00000000faf00000)
  from space 16384K, 99% used [0x00000000fc800000,0x00000000fd7fd5c0,0x00000000fd800000)
  to   space 25600K, 0% used [0x00000000faf00000,0x00000000faf00000,0x00000000fc800000)
 ParOldGen       total 134656K, used 35254K [0x00000000c0000000, 0x00000000c8380000, 0x00000000eab00000)
  object space 134656K, 26% used [0x00000000c0000000,0x00000000c226d920,0x00000000c8380000)
 Metaspace       used 55289K, capacity 58930K, committed 59096K, reserved 1099776K
  class space    used 7564K, capacity 8486K, committed 8576K, reserved 1048576K
Event: 9.804 GC heap after
Heap after GC invocations=11 (full 2):
 PSYoungGen      total 291840K, used 25581K [0x00000000eab00000, 0x0000000100000000, 0x0000000100000000)
  eden space 266240K, 0% used [0x00000000eab00000,0x00000000eab00000,0x00000000faf00000)
  from space 25600K, 99% used [0x00000000faf00000,0x00000000fc7fb5e0,0x00000000fc800000)
  to   space 33792K, 0% used [0x00000000fdf00000,0x00000000fdf00000,0x0000000100000000)
 ParOldGen       total 134656K, used 46128K [0x00000000c0000000, 0x00000000c8380000, 0x00000000eab00000)
  object space 134656K, 34% used [0x00000000c0000000,0x00000000c2d0c080,0x00000000c8380000)
 Metaspace       used 55289K, capacity 58930K, committed 59096K, reserved 1099776K
  class space    used 7564K, capacity 8486K, committed 8576K, reserved 1048576K
}
Event: 9.804 GC heap before
{Heap before GC invocations=12 (full 3):
 PSYoungGen      total 291840K, used 25581K [0x00000000eab00000, 0x0000000100000000, 0x0000000100000000)
  eden space 266240K, 0% used [0x00000000eab00000,0x00000000eab00000,0x00000000faf00000)
  from space 25600K, 99% used [0x00000000faf00000,0x00000000fc7fb5e0,0x00000000fc800000)
  to   space 33792K, 0% used [0x00000000fdf00000,0x00000000fdf00000,0x0000000100000000)
 ParOldGen       total 134656K, used 46128K [0x00000000c0000000, 0x00000000c8380000, 0x00000000eab00000)
  object space 134656K, 34% used [0x00000000c0000000,0x00000000c2d0c080,0x00000000c8380000)
 Metaspace       used 55289K, capacity 58930K, committed 59096K, reserved 1099776K
  class space    used 7564K, capacity 8486K, committed 8576K, reserved 1048576K
Event: 10.207 GC heap after
Heap after GC invocations=12 (full 3):
 PSYoungGen      total 291840K, used 0K [0x00000000eab00000, 0x0000000100000000, 0x0000000100000000)
  eden space 266240K, 0% used [0x00000000eab00000,0x00000000eab00000,0x00000000faf00000)
  from space 25600K, 0% used [0x00000000faf00000,0x00000000faf00000,0x00000000fc800000)
  to   space 33792K, 0% used [0x00000000fdf00000,0x00000000fdf00000,0x0000000100000000)
 ParOldGen       total 236544K, used 64470K [0x00000000c0000000, 0x00000000ce700000, 0x00000000eab00000)
  object space 236544K, 27% used [0x00000000c0000000,0x00000000c3ef5910,0x00000000ce700000)
 Metaspace       used 55289K, capacity 58930K, committed 59096K, reserved 1099776K
  class space    used 7564K, capacity 8486K, committed 8576K, reserved 1048576K
}
Event: 13.830 GC heap before
{Heap before GC invocations=13 (full 3):
 PSYoungGen      total 291840K, used 266240K [0x00000000eab00000, 0x0000000100000000, 0x0000000100000000)
  eden space 266240K, 100% used [0x00000000eab00000,0x00000000faf00000,0x00000000faf00000)
  from space 25600K, 0% used [0x00000000faf00000,0x00000000faf00000,0x00000000fc800000)
  to   space 33792K, 0% used [0x00000000fdf00000,0x00000000fdf00000,0x0000000100000000)
 ParOldGen       total 236544K, used 64470K [0x00000000c0000000, 0x00000000ce700000, 0x00000000eab00000)
  object space 236544K, 27% used [0x00000000c0000000,0x00000000c3ef5910,0x00000000ce700000)
 Metaspace       used 64063K, capacity 67798K, committed 68096K, reserved 1107968K
  class space    used 8447K, capacity 9402K, committed 9472K, reserved 1048576K
Event: 13.874 GC heap after
Heap after GC invocations=13 (full 3):
 PSYoungGen      total 305152K, used 33781K [0x00000000eab00000, 0x0000000100000000, 0x0000000100000000)
  eden space 271360K, 0% used [0x00000000eab00000,0x00000000eab00000,0x00000000fb400000)
  from space 33792K, 99% used [0x00000000fdf00000,0x00000000ffffd6c0,0x0000000100000000)
  to   space 38912K, 0% used [0x00000000fb400000,0x00000000fb400000,0x00000000fda00000)
 ParOldGen       total 236544K, used 65195K [0x00000000c0000000, 0x00000000ce700000, 0x00000000eab00000)
  object space 236544K, 27% used [0x00000000c0000000,0x00000000c3faaec0,0x00000000ce700000)
 Metaspace       used 64063K, capacity 67798K, committed 68096K, reserved 1107968K
  class space    used 8447K, capacity 9402K, committed 9472K, reserved 1048576K
}

