# JRE version: OpenJDK Runtime Environment (8.0_212-b04) (build 1.8.0_212-3-redhat-b04)
# Java VM: OpenJDK 64-Bit Server VM (25.212-b04 mixed mode windows-amd64 compressed oops)
Heap:
 PSYoungGen      total 253440K, used 6776K [0x00000000eab00000, 0x00000000ff280000, 0x0000000100000000)
  eden space 198144K, 3% used [0x00000000eab00000,0x00000000eb19e1e0,0x00000000f6c80000)
  from space 55296K, 0% used [0x00000000f6c80000,0x00000000f6c80000,0x00000000fa280000)
  to   space 53248K, 0% used [0x00000000fbe80000,0x00000000fbe80000,0x00000000ff280000)
 ParOldGen       total 285696K, used 103156K [0x00000000c0000000, 0x00000000d1700000, 0x00000000eab00000)
  object space 285696K, 36% used [0x00000000c0000000,0x00000000c64bd200,0x00000000d1700000)
 Metaspace       used 87221K, capacity 92589K, committed 96916K, reserved 1132544K
  class space    used 10701K, capacity 11965K, committed 12988K, reserved 1048576K
GC Heap History (98 events):
Event: 1.375 GC heap before
{Heap before GC invocations=1 (full 0):
 PSYoungGen      total 76288K, used 65536K [0x00000000eab00000, 0x00000000f0000000, 0x0000000100000000)
  eden space 65536K, 100% used [0x00000000eab00000,0x00000000eeb00000,0x00000000eeb00000)
  from space 10752K, 0% used [0x00000000ef580000,0x00000000ef580000,0x00000000f0000000)
  to   space 10752K, 0% used [0x00000000eeb00000,0x00000000eeb00000,0x00000000ef580000)
 ParOldGen       total 175104K, used 0K [0x00000000c0000000, 0x00000000cab00000, 0x00000000eab00000)
  object space 175104K, 0% used [0x00000000c0000000,0x00000000c0000000,0x00000000cab00000)
 Metaspace       used 12388K, capacity 12676K, committed 12928K, reserved 1060864K
  class space    used 1544K, capacity 1644K, committed 1664K, reserved 1048576K
Event: 1.382 GC heap after
Heap after GC invocations=1 (full 0):
 PSYoungGen      total 76288K, used 8347K [0x00000000eab00000, 0x00000000f0000000, 0x0000000100000000)
  eden space 65536K, 0% used [0x00000000eab00000,0x00000000eab00000,0x00000000eeb00000)
  from space 10752K, 77% used [0x00000000eeb00000,0x00000000ef326e80,0x00000000ef580000)
  to   space 10752K, 0% used [0x00000000ef580000,0x00000000ef580000,0x00000000f0000000)
 ParOldGen       total 175104K, used 16K [0x00000000c0000000, 0x00000000cab00000, 0x00000000eab00000)
  object space 175104K, 0% used [0x00000000c0000000,0x00000000c0004000,0x00000000cab00000)
 Metaspace       used 12388K, capacity 12676K, committed 12928K, reserved 1060864K
  class space    used 1544K, capacity 1644K, committed 1664K, reserved 1048576K
}
Event: 2.575 GC heap before
{Heap before GC invocations=2 (full 0):
 PSYoungGen      total 76288K, used 73883K [0x00000000eab00000, 0x00000000f0000000, 0x0000000100000000)
  eden space 65536K, 100% used [0x00000000eab00000,0x00000000eeb00000,0x00000000eeb00000)
  from space 10752K, 77% used [0x00000000eeb00000,0x00000000ef326e80,0x00000000ef580000)
  to   space 10752K, 0% used [0x00000000ef580000,0x00000000ef580000,0x00000000f0000000)
 ParOldGen       total 175104K, used 16K [0x00000000c0000000, 0x00000000cab00000, 0x00000000eab00000)
  object space 175104K, 0% used [0x00000000c0000000,0x00000000c0004000,0x00000000cab00000)
 Metaspace       used 18244K, capacity 18758K, committed 18816K, reserved 1064960K
  class space    used 2517K, capacity 2673K, committed 2688K, reserved 1048576K
Event: 2.582 GC heap after
Heap after GC invocations=2 (full 0):
 PSYoungGen      total 76288K, used 10744K [0x00000000eab00000, 0x00000000f0000000, 0x0000000100000000)
  eden space 65536K, 0% used [0x00000000eab00000,0x00000000eab00000,0x00000000eeb00000)
  from space 10752K, 99% used [0x00000000ef580000,0x00000000efffe2e8,0x00000000f0000000)
  to   space 10752K, 0% used [0x00000000eeb00000,0x00000000eeb00000,0x00000000ef580000)
 ParOldGen       total 175104K, used 282K [0x00000000c0000000, 0x00000000cab00000, 0x00000000eab00000)
  object space 175104K, 0% used [0x00000000c0000000,0x00000000c0046900,0x00000000cab00000)
 Metaspace       used 18244K, capacity 18758K, committed 18816K, reserved 1064960K
  class space    used 2517K, capacity 2673K, committed 2688K, reserved 1048576K
}
Event: 2.751 GC heap before
{Heap before GC invocations=3 (full 0):
 PSYoungGen      total 76288K, used 29455K [0x00000000eab00000, 0x00000000f0000000, 0x0000000100000000)
  eden space 65536K, 28% used [0x00000000eab00000,0x00000000ebd459b8,0x00000000eeb00000)
  from space 10752K, 99% used [0x00000000ef580000,0x00000000efffe2e8,0x00000000f0000000)
  to   space 10752K, 0% used [0x00000000eeb00000,0x00000000eeb00000,0x00000000ef580000)
 ParOldGen       total 175104K, used 282K [0x00000000c0000000, 0x00000000cab00000, 0x00000000eab00000)
  object space 175104K, 0% used [0x00000000c0000000,0x00000000c0046900,0x00000000cab00000)
 Metaspace       used 20627K, capacity 21122K, committed 21248K, reserved 1067008K
  class space    used 2825K, capacity 3003K, committed 3072K, reserved 1048576K
Event: 2.756 GC heap after
Heap after GC invocations=3 (full 0):
 PSYoungGen      total 76288K, used 8045K [0x00000000eab00000, 0x00000000f4000000, 0x0000000100000000)
  eden space 65536K, 0% used [0x00000000eab00000,0x00000000eab00000,0x00000000eeb00000)
  from space 10752K, 74% used [0x00000000eeb00000,0x00000000ef2db520,0x00000000ef580000)
  to   space 10752K, 0% used [0x00000000f3580000,0x00000000f3580000,0x00000000f4000000)
 ParOldGen       total 175104K, used 290K [0x00000000c0000000, 0x00000000cab00000, 0x00000000eab00000)
  object space 175104K, 0% used [0x00000000c0000000,0x00000000c0048900,0x00000000cab00000)
 Metaspace       used 20627K, capacity 21122K, committed 21248K, reserved 1067008K
  class space    used 2825K, capacity 3003K, committed 3072K, reserved 1048576K
}
Event: 2.756 GC heap before
{Heap before GC invocations=4 (full 1):
 PSYoungGen      total 76288K, used 8045K [0x00000000eab00000, 0x00000000f4000000, 0x0000000100000000)
  eden space 65536K, 0% used [0x00000000eab00000,0x00000000eab00000,0x00000000eeb00000)
  from space 10752K, 74% used [0x00000000eeb00000,0x00000000ef2db520,0x00000000ef580000)
  to   space 10752K, 0% used [0x00000000f3580000,0x00000000f3580000,0x00000000f4000000)
 ParOldGen       total 175104K, used 290K [0x00000000c0000000, 0x00000000cab00000, 0x00000000eab00000)
  object space 175104K, 0% used [0x00000000c0000000,0x00000000c0048900,0x00000000cab00000)
 Metaspace       used 20627K, capacity 21122K, committed 21248K, reserved 1067008K
  class space    used 2825K, capacity 3003K, committed 3072K, reserved 1048576K
Event: 2.780 GC heap after
Heap after GC invocations=4 (full 1):
 PSYoungGen      total 76288K, used 0K [0x00000000eab00000, 0x00000000f4000000, 0x0000000100000000)
  eden space 65536K, 0% used [0x00000000eab00000,0x00000000eab00000,0x00000000eeb00000)
  from space 10752K, 0% used [0x00000000eeb00000,0x00000000eeb00000,0x00000000ef580000)
  to   space 10752K, 0% used [0x00000000f3580000,0x00000000f3580000,0x00000000f4000000)
 ParOldGen       total 101376K, used 7820K [0x00000000c0000000, 0x00000000c6300000, 0x00000000eab00000)
  object space 101376K, 7% used [0x00000000c0000000,0x00000000c07a3208,0x00000000c6300000)
 Metaspace       used 20627K, capacity 21122K, committed 21248K, reserved 1067008K
  class space    used 2825K, capacity 3003K, committed 3072K, reserved 1048576K
}
Event: 3.277 GC heap before
{Heap before GC invocations=5 (full 1):
 PSYoungGen      total 76288K, used 65536K [0x00000000eab00000, 0x00000000f4000000, 0x0000000100000000)
  eden space 65536K, 100% used [0x00000000eab00000,0x00000000eeb00000,0x00000000eeb00000)
  from space 10752K, 0% used [0x00000000eeb00000,0x00000000eeb00000,0x00000000ef580000)
  to   space 10752K, 0% used [0x00000000f3580000,0x00000000f3580000,0x00000000f4000000)
 ParOldGen       total 101376K, used 7820K [0x00000000c0000000, 0x00000000c6300000, 0x00000000eab00000)
  object space 101376K, 7% used [0x00000000c0000000,0x00000000c07a3208,0x00000000c6300000)
 Metaspace       used 28647K, capacity 29226K, committed 29312K, reserved 1075200K
  class space    used 3765K, capacity 3950K, committed 3968K, reserved 1048576K
Event: 3.283 GC heap after
Heap after GC invocations=5 (full 1):
 PSYoungGen      total 112128K, used 8350K [0x00000000eab00000, 0x00000000f3e00000, 0x0000000100000000)
  eden space 103424K, 0% used [0x00000000eab00000,0x00000000eab00000,0x00000000f1000000)
  from space 8704K, 95% used [0x00000000f3580000,0x00000000f3da7920,0x00000000f3e00000)
  to   space 10752K, 0% used [0x00000000f2900000,0x00000000f2900000,0x00000000f3380000)
 ParOldGen       total 101376K, used 7828K [0x00000000c0000000, 0x00000000c6300000, 0x00000000eab00000)
  object space 101376K, 7% used [0x00000000c0000000,0x00000000c07a5208,0x00000000c6300000)
 Metaspace       used 28647K, capacity 29226K, committed 29312K, reserved 1075200K
  class space    used 3765K, capacity 3950K, committed 3968K, reserved 1048576K
}
Event: 4.012 GC heap before
{Heap before GC invocations=6 (full 1):
 PSYoungGen      total 112128K, used 111774K [0x00000000eab00000, 0x00000000f3e00000, 0x0000000100000000)
  eden space 103424K, 100% used [0x00000000eab00000,0x00000000f1000000,0x00000000f1000000)
  from space 8704K, 95% used [0x00000000f3580000,0x00000000f3da7920,0x00000000f3e00000)
  to   space 10752K, 0% used [0x00000000f2900000,0x00000000f2900000,0x00000000f3380000)
 ParOldGen       total 101376K, used 7828K [0x00000000c0000000, 0x00000000c6300000, 0x00000000eab00000)
  object space 101376K, 7% used [0x00000000c0000000,0x00000000c07a5208,0x00000000c6300000)
 Metaspace       used 29753K, capacity 30218K, committed 30592K, reserved 1075200K
  class space    used 3941K, capacity 4110K, committed 4224K, reserved 1048576K
Event: 4.020 GC heap after
Heap after GC invocations=6 (full 1):
 PSYoungGen      total 139776K, used 10720K [0x00000000eab00000, 0x00000000f6280000, 0x0000000100000000)
  eden space 129024K, 0% used [0x00000000eab00000,0x00000000eab00000,0x00000000f2900000)
  from space 10752K, 99% used [0x00000000f2900000,0x00000000f3378050,0x00000000f3380000)
  to   space 12800K, 0% used [0x00000000f5600000,0x00000000f5600000,0x00000000f6280000)
 ParOldGen       total 101376K, used 8781K [0x00000000c0000000, 0x00000000c6300000, 0x00000000eab00000)
  object space 101376K, 8% used [0x00000000c0000000,0x00000000c0893500,0x00000000c6300000)
 Metaspace       used 29753K, capacity 30218K, committed 30592K, reserved 1075200K
  class space    used 3941K, capacity 4110K, committed 4224K, reserved 1048576K
}
Event: 5.173 GC heap before
{Heap before GC invocations=7 (full 1):
 PSYoungGen      total 139776K, used 139744K [0x00000000eab00000, 0x00000000f6280000, 0x0000000100000000)
  eden space 129024K, 100% used [0x00000000eab00000,0x00000000f2900000,0x00000000f2900000)
  from space 10752K, 99% used [0x00000000f2900000,0x00000000f3378050,0x00000000f3380000)
  to   space 12800K, 0% used [0x00000000f5600000,0x00000000f5600000,0x00000000f6280000)
 ParOldGen       total 101376K, used 8781K [0x00000000c0000000, 0x00000000c6300000, 0x00000000eab00000)
  object space 101376K, 8% used [0x00000000c0000000,0x00000000c0893500,0x00000000c6300000)
 Metaspace       used 30288K, capacity 30768K, committed 31104K, reserved 1077248K
  class space    used 3993K, capacity 4163K, committed 4224K, reserved 1048576K
Event: 5.180 GC heap after
Heap after GC invocations=7 (full 1):
 PSYoungGen      total 175104K, used 9987K [0x00000000eab00000, 0x00000000f8580000, 0x0000000100000000)
  eden space 162304K, 0% used [0x00000000eab00000,0x00000000eab00000,0x00000000f4980000)
  from space 12800K, 78% used [0x00000000f5600000,0x00000000f5fc0d00,0x00000000f6280000)
  to   space 12800K, 0% used [0x00000000f4980000,0x00000000f4980000,0x00000000f5600000)
 ParOldGen       total 101376K, used 8789K [0x00000000c0000000, 0x00000000c6300000, 0x00000000eab00000)
  object space 101376K, 8% used [0x00000000c0000000,0x00000000c0895500,0x00000000c6300000)
 Metaspace       used 30288K, capacity 30768K, committed 31104K, reserved 1077248K
  class space    used 3993K, capacity 4163K, committed 4224K, reserved 1048576K
}
Event: 6.563 GC heap before
{Heap before GC invocations=8 (full 1):
 PSYoungGen      total 175104K, used 172291K [0x00000000eab00000, 0x00000000f8580000, 0x0000000100000000)
  eden space 162304K, 100% used [0x00000000eab00000,0x00000000f4980000,0x00000000f4980000)
  from space 12800K, 78% used [0x00000000f5600000,0x00000000f5fc0d00,0x00000000f6280000)
  to   space 12800K, 0% used [0x00000000f4980000,0x00000000f4980000,0x00000000f5600000)
 ParOldGen       total 101376K, used 8789K [0x00000000c0000000, 0x00000000c6300000, 0x00000000eab00000)
  object space 101376K, 8% used [0x00000000c0000000,0x00000000c0895500,0x00000000c6300000)
 Metaspace       used 30308K, capacity 30832K, committed 31104K, reserved 1077248K
  class space    used 3993K, capacity 4163K, committed 4224K, reserved 1048576K
Event: 6.570 GC heap after
Heap after GC invocations=8 (full 1):
 PSYoungGen      total 175104K, used 8528K [0x00000000eab00000, 0x00000000fb180000, 0x0000000100000000)
  eden space 162304K, 0% used [0x00000000eab00000,0x00000000eab00000,0x00000000f4980000)
  from space 12800K, 66% used [0x00000000f4980000,0x00000000f51d4060,0x00000000f5600000)
  to   space 12288K, 0% used [0x00000000fa580000,0x00000000fa580000,0x00000000fb180000)
 ParOldGen       total 101376K, used 8789K [0x00000000c0000000, 0x00000000c6300000, 0x00000000eab00000)
  object space 101376K, 8% used [0x00000000c0000000,0x00000000c0895500,0x00000000c6300000)
 Metaspace       used 30308K, capacity 30832K, committed 31104K, reserved 1077248K
  class space    used 3993K, capacity 4163K, committed 4224K, reserved 1048576K
}
Event: 7.668 GC heap before
{Heap before GC invocations=9 (full 1):
 PSYoungGen      total 175104K, used 170832K [0x00000000eab00000, 0x00000000fb180000, 0x0000000100000000)
  eden space 162304K, 100% used [0x00000000eab00000,0x00000000f4980000,0x00000000f4980000)
  from space 12800K, 66% used [0x00000000f4980000,0x00000000f51d4060,0x00000000f5600000)
  to   space 12288K, 0% used [0x00000000fa580000,0x00000000fa580000,0x00000000fb180000)
 ParOldGen       total 101376K, used 8789K [0x00000000c0000000, 0x00000000c6300000, 0x00000000eab00000)
  object space 101376K, 8% used [0x00000000c0000000,0x00000000c0895500,0x00000000c6300000)
 Metaspace       used 33901K, capacity 34606K, committed 34816K, reserved 1079296K
  class space    used 4429K, capacity 4608K, committed 4608K, reserved 1048576K
Event: 7.676 GC heap after
Heap after GC invocations=9 (full 1):
 PSYoungGen      total 254464K, used 10937K [0x00000000eab00000, 0x00000000fb100000, 0x0000000100000000)
  eden space 242688K, 0% used [0x00000000eab00000,0x00000000eab00000,0x00000000f9800000)
  from space 11776K, 92% used [0x00000000fa580000,0x00000000fb02e5a8,0x00000000fb100000)
  to   space 12800K, 0% used [0x00000000f9800000,0x00000000f9800000,0x00000000fa480000)
 ParOldGen       total 101376K, used 8797K [0x00000000c0000000, 0x00000000c6300000, 0x00000000eab00000)
  object space 101376K, 8% used [0x00000000c0000000,0x00000000c0897500,0x00000000c6300000)
 Metaspace       used 33901K, capacity 34606K, committed 34816K, reserved 1079296K
  class space    used 4429K, capacity 4608K, committed 4608K, reserved 1048576K
}
Event: 7.707 GC heap before
{Heap before GC invocations=10 (full 1):
 PSYoungGen      total 254464K, used 15486K [0x00000000eab00000, 0x00000000fb100000, 0x0000000100000000)
  eden space 242688K, 1% used [0x00000000eab00000,0x00000000eaf712b0,0x00000000f9800000)
  from space 11776K, 92% used [0x00000000fa580000,0x00000000fb02e5a8,0x00000000fb100000)
  to   space 12800K, 0% used [0x00000000f9800000,0x00000000f9800000,0x00000000fa480000)
 ParOldGen       total 101376K, used 8797K [0x00000000c0000000, 0x00000000c6300000, 0x00000000eab00000)
  object space 101376K, 8% used [0x00000000c0000000,0x00000000c0897500,0x00000000c6300000)
 Metaspace       used 34715K, capacity 35374K, committed 35416K, reserved 1079296K
  class space    used 4535K, capacity 4736K, committed 4736K, reserved 1048576K
Event: 7.712 GC heap after
Heap after GC invocations=10 (full 1):
 PSYoungGen      total 255488K, used 4944K [0x00000000eab00000, 0x0000000100000000, 0x0000000100000000)
  eden space 242688K, 0% used [0x00000000eab00000,0x00000000eab00000,0x00000000f9800000)
  from space 12800K, 38% used [0x00000000f9800000,0x00000000f9cd4050,0x00000000fa480000)
  to   space 13312K, 0% used [0x00000000ff300000,0x00000000ff300000,0x0000000100000000)
 ParOldGen       total 101376K, used 12566K [0x00000000c0000000, 0x00000000c6300000, 0x00000000eab00000)
  object space 101376K, 12% used [0x00000000c0000000,0x00000000c0c458b8,0x00000000c6300000)
 Metaspace       used 34715K, capacity 35374K, committed 35416K, reserved 1079296K
  class space    used 4535K, capacity 4736K, committed 4736K, reserved 1048576K
}
Event: 7.712 GC heap before
{Heap before GC invocations=11 (full 2):
 PSYoungGen      total 255488K, used 4944K [0x00000000eab00000, 0x0000000100000000, 0x0000000100000000)
  eden space 242688K, 0% used [0x00000000eab00000,0x00000000eab00000,0x00000000f9800000)
  from space 12800K, 38% used [0x00000000f9800000,0x00000000f9cd4050,0x00000000fa480000)
  to   space 13312K, 0% used [0x00000000ff300000,0x00000000ff300000,0x0000000100000000)
 ParOldGen       total 101376K, used 12566K [0x00000000c0000000, 0x00000000c6300000, 0x00000000eab00000)
  object space 101376K, 12% used [0x00000000c0000000,0x00000000c0c458b8,0x00000000c6300000)
 Metaspace       used 34715K, capacity 35374K, committed 35416K, reserved 1079296K
  class space    used 4535K, capacity 4736K, committed 4736K, reserved 1048576K
Event: 7.750 GC heap after
Heap after GC invocations=11 (full 2):
 PSYoungGen      total 255488K, used 0K [0x00000000eab00000, 0x0000000100000000, 0x0000000100000000)
  eden space 242688K, 0% used [0x00000000eab00000,0x00000000eab00000,0x00000000f9800000)
  from space 12800K, 0% used [0x00000000f9800000,0x00000000f9800000,0x00000000fa480000)
  to   space 13312K, 0% used [0x00000000ff300000,0x00000000ff300000,0x0000000100000000)
 ParOldGen       total 125952K, used 14670K [0x00000000c0000000, 0x00000000c7b00000, 0x00000000eab00000)
  object space 125952K, 11% used [0x00000000c0000000,0x00000000c0e53978,0x00000000c7b00000)
 Metaspace       used 34651K, capacity 35250K, committed 35416K, reserved 1079296K
  class space    used 4517K, capacity 4716K, committed 4736K, reserved 1048576K
}
Event: 8.526 GC heap before
{Heap before GC invocations=12 (full 2):
 PSYoungGen      total 255488K, used 242688K [0x00000000eab00000, 0x0000000100000000, 0x0000000100000000)
  eden space 242688K, 100% used [0x00000000eab00000,0x00000000f9800000,0x00000000f9800000)
  from space 12800K, 0% used [0x00000000f9800000,0x00000000f9800000,0x00000000fa480000)
  to   space 13312K, 0% used [0x00000000ff300000,0x00000000ff300000,0x0000000100000000)
 ParOldGen       total 125952K, used 14670K [0x00000000c0000000, 0x00000000c7b00000, 0x00000000eab00000)
  object space 125952K, 11% used [0x00000000c0000000,0x00000000c0e53978,0x00000000c7b00000)
 Metaspace       used 38640K, capacity 39324K, committed 39640K, reserved 1083392K
  class space    used 5145K, capacity 5342K, committed 5376K, reserved 1048576K
Event: 8.532 GC heap after
Heap after GC invocations=12 (full 2):
 PSYoungGen      total 335872K, used 6479K [0x00000000eab00000, 0x0000000100000000, 0x0000000100000000)
  eden space 322560K, 0% used [0x00000000eab00000,0x00000000eab00000,0x00000000fe600000)
  from space 13312K, 48% used [0x00000000ff300000,0x00000000ff953d00,0x0000000100000000)
  to   space 13312K, 0% used [0x00000000fe600000,0x00000000fe600000,0x00000000ff300000)
 ParOldGen       total 125952K, used 14678K [0x00000000c0000000, 0x00000000c7b00000, 0x00000000eab00000)
  object space 125952K, 11% used [0x00000000c0000000,0x00000000c0e55978,0x00000000c7b00000)
 Metaspace       used 38640K, capacity 39324K, committed 39640K, reserved 1083392K
  class space    used 5145K, capacity 5342K, committed 5376K, reserved 1048576K
}
Event: 9.085 GC heap before
{Heap before GC invocations=13 (full 2):
 PSYoungGen      total 335872K, used 329039K [0x00000000eab00000, 0x0000000100000000, 0x0000000100000000)
  eden space 322560K, 100% used [0x00000000eab00000,0x00000000fe600000,0x00000000fe600000)
  from space 13312K, 48% used [0x00000000ff300000,0x00000000ff953d00,0x0000000100000000)
  to   space 13312K, 0% used [0x00000000fe600000,0x00000000fe600000,0x00000000ff300000)
 ParOldGen       total 125952K, used 14678K [0x00000000c0000000, 0x00000000c7b00000, 0x00000000eab00000)
  object space 125952K, 11% used [0x00000000c0000000,0x00000000c0e55978,0x00000000c7b00000)
 Metaspace       used 38649K, capacity 39324K, committed 39640K, reserved 1083392K
  class space    used 5146K, capacity 5342K, committed 5376K, reserved 1048576K
Event: 9.091 GC heap after
Heap after GC invocations=13 (full 2):
 PSYoungGen      total 327680K, used 4992K [0x00000000eab00000, 0x0000000100000000, 0x0000000100000000)
  eden space 322560K, 0% used [0x00000000eab00000,0x00000000eab00000,0x00000000fe600000)
  from space 5120K, 97% used [0x00000000fe600000,0x00000000feae0030,0x00000000feb00000)
  to   space 13824K, 0% used [0x00000000ff280000,0x00000000ff280000,0x0000000100000000)
 ParOldGen       total 125952K, used 14678K [0x00000000c0000000, 0x00000000c7b00000, 0x00000000eab00000)
  object space 125952K, 11% used [0x00000000c0000000,0x00000000c0e55978,0x00000000c7b00000)
 Metaspace       used 38649K, capacity 39324K, committed 39640K, reserved 1083392K
  class space    used 5146K, capacity 5342K, committed 5376K, reserved 1048576K
}
Event: 9.667 GC heap before
{Heap before GC invocations=14 (full 2):
 PSYoungGen      total 327680K, used 327552K [0x00000000eab00000, 0x0000000100000000, 0x0000000100000000)
  eden space 322560K, 100% used [0x00000000eab00000,0x00000000fe600000,0x00000000fe600000)
  from space 5120K, 97% used [0x00000000fe600000,0x00000000feae0030,0x00000000feb00000)
  to   space 13824K, 0% used [0x00000000ff280000,0x00000000ff280000,0x0000000100000000)
 ParOldGen       total 125952K, used 14678K [0x00000000c0000000, 0x00000000c7b00000, 0x00000000eab00000)
  object space 125952K, 11% used [0x00000000c0000000,0x00000000c0e55978,0x00000000c7b00000)
 Metaspace       used 38676K, capacity 39324K, committed 39640K, reserved 1083392K
  class space    used 5146K, capacity 5342K, committed 5376K, reserved 1048576K
Event: 9.673 GC heap after
Heap after GC invocations=14 (full 2):
 PSYoungGen      total 334336K, used 2271K [0x00000000eab00000, 0x0000000100000000, 0x0000000100000000)
  eden space 320512K, 0% used [0x00000000eab00000,0x00000000eab00000,0x00000000fe400000)
  from space 13824K, 16% used [0x00000000ff280000,0x00000000ff4b7da8,0x0000000100000000)
  to   space 14336K, 0% used [0x00000000fe400000,0x00000000fe400000,0x00000000ff200000)
 ParOldGen       total 125952K, used 18494K [0x00000000c0000000, 0x00000000c7b00000, 0x00000000eab00000)
  object space 125952K, 14% used [0x00000000c0000000,0x00000000c120f9a8,0x00000000c7b00000)
 Metaspace       used 38676K, capacity 39324K, committed 39640K, reserved 1083392K
  class space    used 5146K, capacity 5342K, committed 5376K, reserved 1048576K
}
Event: 10.222 GC heap before
{Heap before GC invocations=15 (full 2):
 PSYoungGen      total 334336K, used 322783K [0x00000000eab00000, 0x0000000100000000, 0x0000000100000000)
  eden space 320512K, 100% used [0x00000000eab00000,0x00000000fe400000,0x00000000fe400000)
  from space 13824K, 16% used [0x00000000ff280000,0x00000000ff4b7da8,0x0000000100000000)
  to   space 14336K, 0% used [0x00000000fe400000,0x00000000fe400000,0x00000000ff200000)
 ParOldGen       total 125952K, used 18494K [0x00000000c0000000, 0x00000000c7b00000, 0x00000000eab00000)
  object space 125952K, 14% used [0x00000000c0000000,0x00000000c120f9a8,0x00000000c7b00000)
 Metaspace       used 38683K, capacity 39324K, committed 39640K, reserved 1083392K
  class space    used 5146K, capacity 5342K, committed 5376K, reserved 1048576K
Event: 10.225 GC heap after
Heap after GC invocations=15 (full 2):
 PSYoungGen      total 334848K, used 1760K [0x00000000eab00000, 0x0000000100000000, 0x0000000100000000)
  eden space 320512K, 0% used [0x00000000eab00000,0x00000000eab00000,0x00000000fe400000)
  from space 14336K, 12% used [0x00000000fe400000,0x00000000fe5b8020,0x00000000ff200000)
  to   space 14336K, 0% used [0x00000000ff200000,0x00000000ff200000,0x0000000100000000)
 ParOldGen       total 125952K, used 20518K [0x00000000c0000000, 0x00000000c7b00000, 0x00000000eab00000)
  object space 125952K, 16% used [0x00000000c0000000,0x00000000c14099b8,0x00000000c7b00000)
 Metaspace       used 38683K, capacity 39324K, committed 39640K, reserved 1083392K
  class space    used 5146K, capacity 5342K, committed 5376K, reserved 1048576K
}
Event: 10.587 GC heap before
{Heap before GC invocations=16 (full 2):
 PSYoungGen      total 334848K, used 322272K [0x00000000eab00000, 0x0000000100000000, 0x0000000100000000)
  eden space 320512K, 100% used [0x00000000eab00000,0x00000000fe400000,0x00000000fe400000)
  from space 14336K, 12% used [0x00000000fe400000,0x00000000fe5b8020,0x00000000ff200000)
  to   space 14336K, 0% used [0x00000000ff200000,0x00000000ff200000,0x0000000100000000)
 ParOldGen       total 125952K, used 20518K [0x00000000c0000000, 0x00000000c7b00000, 0x00000000eab00000)
  object space 125952K, 16% used [0x00000000c0000000,0x00000000c14099b8,0x00000000c7b00000)
 Metaspace       used 38689K, capacity 39324K, committed 39640K, reserved 1083392K
  class space    used 5146K, capacity 5342K, committed 5376K, reserved 1048576K
Event: 10.590 GC heap after
Heap after GC invocations=16 (full 2):
 PSYoungGen      total 333824K, used 1808K [0x00000000eab00000, 0x0000000100000000, 0x0000000100000000)
  eden space 319488K, 0% used [0x00000000eab00000,0x00000000eab00000,0x00000000fe300000)
  from space 14336K, 12% used [0x00000000ff200000,0x00000000ff3c4010,0x0000000100000000)
  to   space 14848K, 0% used [0x00000000fe300000,0x00000000fe300000,0x00000000ff180000)
 ParOldGen       total 125952K, used 22110K [0x00000000c0000000, 0x00000000c7b00000, 0x00000000eab00000)
  object space 125952K, 17% used [0x00000000c0000000,0x00000000c15979d8,0x00000000c7b00000)
 Metaspace       used 38689K, capacity 39324K, committed 39640K, reserved 1083392K
  class space    used 5146K, capacity 5342K, committed 5376K, reserved 1048576K
}
Event: 10.861 GC heap before
{Heap before GC invocations=17 (full 2):
 PSYoungGen      total 333824K, used 321296K [0x00000000eab00000, 0x0000000100000000, 0x0000000100000000)
  eden space 319488K, 100% used [0x00000000eab00000,0x00000000fe300000,0x00000000fe300000)
  from space 14336K, 12% used [0x00000000ff200000,0x00000000ff3c4010,0x0000000100000000)
  to   space 14848K, 0% used [0x00000000fe300000,0x00000000fe300000,0x00000000ff180000)
 ParOldGen       total 125952K, used 22110K [0x00000000c0000000, 0x00000000c7b00000, 0x00000000eab00000)
  object space 125952K, 17% used [0x00000000c0000000,0x00000000c15979d8,0x00000000c7b00000)
 Metaspace       used 38690K, capacity 39324K, committed 39640K, reserved 1083392K
  class space    used 5146K, capacity 5342K, committed 5376K, reserved 1048576K
Event: 10.863 GC heap after
Heap after GC invocations=17 (full 2):
 PSYoungGen      total 334336K, used 1632K [0x00000000eab00000, 0x0000000100000000, 0x0000000100000000)
  eden space 319488K, 0% used [0x00000000eab00000,0x00000000eab00000,0x00000000fe300000)
  from space 14848K, 10% used [0x00000000fe300000,0x00000000fe498020,0x00000000ff180000)
  to   space 14848K, 0% used [0x00000000ff180000,0x00000000ff180000,0x0000000100000000)
 ParOldGen       total 125952K, used 23702K [0x00000000c0000000, 0x00000000c7b00000, 0x00000000eab00000)
  object space 125952K, 18% used [0x00000000c0000000,0x00000000c17259e8,0x00000000c7b00000)
 Metaspace       used 38690K, capacity 39324K, committed 39640K, reserved 1083392K
  class space    used 5146K, capacity 5342K, committed 5376K, reserved 1048576K
}
Event: 11.128 GC heap before
{Heap before GC invocations=18 (full 2):
 PSYoungGen      total 334336K, used 321120K [0x00000000eab00000, 0x0000000100000000, 0x0000000100000000)
  eden space 319488K, 100% used [0x00000000eab00000,0x00000000fe300000,0x00000000fe300000)
  from space 14848K, 10% used [0x00000000fe300000,0x00000000fe498020,0x00000000ff180000)
  to   space 14848K, 0% used [0x00000000ff180000,0x00000000ff180000,0x0000000100000000)
 ParOldGen       total 125952K, used 23702K [0x00000000c0000000, 0x00000000c7b00000, 0x00000000eab00000)
  object space 125952K, 18% used [0x00000000c0000000,0x00000000c17259e8,0x00000000c7b00000)
 Metaspace       used 38694K, capacity 39324K, committed 39640K, reserved 1083392K
  class space    used 5146K, capacity 5342K, committed 5376K, reserved 1048576K
Event: 11.130 GC heap after
Heap after GC invocations=18 (full 2):
 PSYoungGen      total 334336K, used 1056K [0x00000000eab00000, 0x0000000100000000, 0x0000000100000000)
  eden space 319488K, 0% used [0x00000000eab00000,0x00000000eab00000,0x00000000fe300000)
  from space 14848K, 7% used [0x00000000ff180000,0x00000000ff288000,0x0000000100000000)
  to   space 14848K, 0% used [0x00000000fe300000,0x00000000fe300000,0x00000000ff180000)
 ParOldGen       total 125952K, used 25214K [0x00000000c0000000, 0x00000000c7b00000, 0x00000000eab00000)
  object space 125952K, 20% used [0x00000000c0000000,0x00000000c189fa08,0x00000000c7b00000)
 Metaspace       used 38694K, capacity 39324K, committed 39640K, reserved 1083392K
  class space    used 5146K, capacity 5342K, committed 5376K, reserved 1048576K
}
Event: 11.407 GC heap before
{Heap before GC invocations=19 (full 2):
 PSYoungGen      total 334336K, used 320544K [0x00000000eab00000, 0x0000000100000000, 0x0000000100000000)
  eden space 319488K, 100% used [0x00000000eab00000,0x00000000fe300000,0x00000000fe300000)
  from space 14848K, 7% used [0x00000000ff180000,0x00000000ff288000,0x0000000100000000)
  to   space 14848K, 0% used [0x00000000fe300000,0x00000000fe300000,0x00000000ff180000)
 ParOldGen       total 125952K, used 25214K [0x00000000c0000000, 0x00000000c7b00000, 0x00000000eab00000)
  object space 125952K, 20% used [0x00000000c0000000,0x00000000c189fa08,0x00000000c7b00000)
 Metaspace       used 38770K, capacity 39548K, committed 39768K, reserved 1083392K
  class space    used 5155K, capacity 5374K, committed 5504K, reserved 1048576K
Event: 11.409 GC heap after
Heap after GC invocations=19 (full 2):
 PSYoungGen      total 334336K, used 1088K [0x00000000eab00000, 0x0000000100000000, 0x0000000100000000)
  eden space 319488K, 0% used [0x00000000eab00000,0x00000000eab00000,0x00000000fe300000)
  from space 14848K, 7% used [0x00000000fe300000,0x00000000fe410010,0x00000000ff180000)
  to   space 14848K, 0% used [0x00000000ff180000,0x00000000ff180000,0x0000000100000000)
 ParOldGen       total 125952K, used 26102K [0x00000000c0000000, 0x00000000c7b00000, 0x00000000eab00000)
  object space 125952K, 20% used [0x00000000c0000000,0x00000000c197da08,0x00000000c7b00000)
 Metaspace       used 38770K, capacity 39548K, committed 39768K, reserved 1083392K
  class space    used 5155K, capacity 5374K, committed 5504K, reserved 1048576K
}
Event: 11.674 GC heap before
{Heap before GC invocations=20 (full 2):
 PSYoungGen      total 334336K, used 320576K [0x00000000eab00000, 0x0000000100000000, 0x0000000100000000)
  eden space 319488K, 100% used [0x00000000eab00000,0x00000000fe300000,0x00000000fe300000)
  from space 14848K, 7% used [0x00000000fe300000,0x00000000fe410010,0x00000000ff180000)
  to   space 14848K, 0% used [0x00000000ff180000,0x00000000ff180000,0x0000000100000000)
 ParOldGen       total 125952K, used 26102K [0x00000000c0000000, 0x00000000c7b00000, 0x00000000eab00000)
  object space 125952K, 20% used [0x00000000c0000000,0x00000000c197da08,0x00000000c7b00000)
 Metaspace       used 38770K, capacity 39548K, committed 39768K, reserved 1083392K
  class space    used 5155K, capacity 5374K, committed 5504K, reserved 1048576K
Event: 11.676 GC heap after
Heap after GC invocations=20 (full 2):
 PSYoungGen      total 333312K, used 960K [0x00000000eab00000, 0x00000000fff00000, 0x0000000100000000)
  eden space 319488K, 0% used [0x00000000eab00000,0x00000000eab00000,0x00000000fe300000)
  from space 13824K, 6% used [0x00000000ff180000,0x00000000ff270000,0x00000000fff00000)
  to   space 14336K, 0% used [0x00000000fe300000,0x00000000fe300000,0x00000000ff100000)
 ParOldGen       total 125952K, used 27078K [0x00000000c0000000, 0x00000000c7b00000, 0x00000000eab00000)
  object space 125952K, 21% used [0x00000000c0000000,0x00000000c1a71a18,0x00000000c7b00000)
 Metaspace       used 38770K, capacity 39548K, committed 39768K, reserved 1083392K
  class space    used 5155K, capacity 5374K, committed 5504K, reserved 1048576K
}
Event: 11.918 GC heap before
{Heap before GC invocations=21 (full 2):
 PSYoungGen      total 333312K, used 320448K [0x00000000eab00000, 0x00000000fff00000, 0x0000000100000000)
  eden space 319488K, 100% used [0x00000000eab00000,0x00000000fe300000,0x00000000fe300000)
  from space 13824K, 6% used [0x00000000ff180000,0x00000000ff270000,0x00000000fff00000)
  to   space 14336K, 0% used [0x00000000fe300000,0x00000000fe300000,0x00000000ff100000)
 ParOldGen       total 125952K, used 27078K [0x00000000c0000000, 0x00000000c7b00000, 0x00000000eab00000)
  object space 125952K, 21% used [0x00000000c0000000,0x00000000c1a71a18,0x00000000c7b00000)
 Metaspace       used 38770K, capacity 39548K, committed 39768K, reserved 1083392K
  class space    used 5155K, capacity 5374K, committed 5504K, reserved 1048576K
Event: 11.921 GC heap after
Heap after GC invocations=21 (full 2):
 PSYoungGen      total 333824K, used 991K [0x00000000eab00000, 0x0000000100000000, 0x0000000100000000)
  eden space 319488K, 0% used [0x00000000eab00000,0x00000000eab00000,0x00000000fe300000)
  from space 14336K, 6% used [0x00000000fe300000,0x00000000fe3f7f58,0x00000000ff100000)
  to   space 14336K, 0% used [0x00000000ff200000,0x00000000ff200000,0x0000000100000000)
 ParOldGen       total 125952K, used 27886K [0x00000000c0000000, 0x00000000c7b00000, 0x00000000eab00000)
  object space 125952K, 22% used [0x00000000c0000000,0x00000000c1b3ba18,0x00000000c7b00000)
 Metaspace       used 38770K, capacity 39548K, committed 39768K, reserved 1083392K
  class space    used 5155K, capacity 5374K, committed 5504K, reserved 1048576K
}
Event: 12.299 GC heap before
{Heap before GC invocations=22 (full 2):
 PSYoungGen      total 333824K, used 320479K [0x00000000eab00000, 0x0000000100000000, 0x0000000100000000)
  eden space 319488K, 100% used [0x00000000eab00000,0x00000000fe300000,0x00000000fe300000)
  from space 14336K, 6% used [0x00000000fe300000,0x00000000fe3f7f58,0x00000000ff100000)
  to   space 14336K, 0% used [0x00000000ff200000,0x00000000ff200000,0x0000000100000000)
 ParOldGen       total 125952K, used 27886K [0x00000000c0000000, 0x00000000c7b00000, 0x00000000eab00000)
  object space 125952K, 22% used [0x00000000c0000000,0x00000000c1b3ba18,0x00000000c7b00000)
 Metaspace       used 38772K, capacity 39548K, committed 39768K, reserved 1083392K
  class space    used 5155K, capacity 5374K, committed 5504K, reserved 1048576K
Event: 12.302 GC heap after
Heap after GC invocations=22 (full 2):
 PSYoungGen      total 333824K, used 1782K [0x00000000eab00000, 0x00000000fff00000, 0x0000000100000000)
  eden space 320512K, 0% used [0x00000000eab00000,0x00000000eab00000,0x00000000fe400000)
  from space 13312K, 13% used [0x00000000ff200000,0x00000000ff3bdb58,0x00000000fff00000)
  to   space 13824K, 0% used [0x00000000fe400000,0x00000000fe400000,0x00000000ff180000)
 ParOldGen       total 125952K, used 28582K [0x00000000c0000000, 0x00000000c7b00000, 0x00000000eab00000)
  object space 125952K, 22% used [0x00000000c0000000,0x00000000c1be9a18,0x00000000c7b00000)
 Metaspace       used 38772K, capacity 39548K, committed 39768K, reserved 1083392K
  class space    used 5155K, capacity 5374K, committed 5504K, reserved 1048576K
}
Event: 12.759 GC heap before
{Heap before GC invocations=23 (full 2):
 PSYoungGen      total 333824K, used 322294K [0x00000000eab00000, 0x00000000fff00000, 0x0000000100000000)
  eden space 320512K, 100% used [0x00000000eab00000,0x00000000fe400000,0x00000000fe400000)
  from space 13312K, 13% used [0x00000000ff200000,0x00000000ff3bdb58,0x00000000fff00000)
  to   space 13824K, 0% used [0x00000000fe400000,0x00000000fe400000,0x00000000ff180000)
 ParOldGen       total 125952K, used 28582K [0x00000000c0000000, 0x00000000c7b00000, 0x00000000eab00000)
  object space 125952K, 22% used [0x00000000c0000000,0x00000000c1be9a18,0x00000000c7b00000)
 Metaspace       used 38772K, capacity 39548K, committed 39768K, reserved 1083392K
  class space    used 5155K, capacity 5374K, committed 5504K, reserved 1048576K
Event: 12.761 GC heap after
Heap after GC invocations=23 (full 2):
 PSYoungGen      total 334336K, used 2637K [0x00000000eab00000, 0x00000000fff80000, 0x0000000100000000)
  eden space 320512K, 0% used [0x00000000eab00000,0x00000000eab00000,0x00000000fe400000)
  from space 13824K, 19% used [0x00000000fe400000,0x00000000fe6935b0,0x00000000ff180000)
  to   space 13312K, 0% used [0x00000000ff280000,0x00000000ff280000,0x00000000fff80000)
 ParOldGen       total 125952K, used 30158K [0x00000000c0000000, 0x00000000c7b00000, 0x00000000eab00000)
  object space 125952K, 23% used [0x00000000c0000000,0x00000000c1d73a28,0x00000000c7b00000)
 Metaspace       used 38772K, capacity 39548K, committed 39768K, reserved 1083392K
  class space    used 5155K, capacity 5374K, committed 5504K, reserved 1048576K
}
Event: 13.033 GC heap before
{Heap before GC invocations=24 (full 2):
 PSYoungGen      total 334336K, used 323149K [0x00000000eab00000, 0x00000000fff80000, 0x0000000100000000)
  eden space 320512K, 100% used [0x00000000eab00000,0x00000000fe400000,0x00000000fe400000)
  from space 13824K, 19% used [0x00000000fe400000,0x00000000fe6935b0,0x00000000ff180000)
  to   space 13312K, 0% used [0x00000000ff280000,0x00000000ff280000,0x00000000fff80000)
 ParOldGen       total 125952K, used 30158K [0x00000000c0000000, 0x00000000c7b00000, 0x00000000eab00000)
  object space 125952K, 23% used [0x00000000c0000000,0x00000000c1d73a28,0x00000000c7b00000)
 Metaspace       used 38775K, capacity 39548K, committed 39768K, reserved 1083392K
  class space    used 5156K, capacity 5374K, committed 5504K, reserved 1048576K
Event: 13.036 GC heap after
Heap after GC invocations=24 (full 2):
 PSYoungGen      total 334336K, used 1024K [0x00000000eab00000, 0x00000000ffe80000, 0x0000000100000000)
  eden space 322048K, 0% used [0x00000000eab00000,0x00000000eab00000,0x00000000fe580000)
  from space 12288K, 8% used [0x00000000ff280000,0x00000000ff380000,0x00000000ffe80000)
  to   space 12800K, 0% used [0x00000000fe580000,0x00000000fe580000,0x00000000ff200000)
 ParOldGen       total 125952K, used 31910K [0x00000000c0000000, 0x00000000c7b00000, 0x00000000eab00000)
  object space 125952K, 25% used [0x00000000c0000000,0x00000000c1f29a48,0x00000000c7b00000)
 Metaspace       used 38775K, capacity 39548K, committed 39768K, reserved 1083392K
  class space    used 5156K, capacity 5374K, committed 5504K, reserved 1048576K
}
Event: 13.316 GC heap before
{Heap before GC invocations=25 (full 2):
 PSYoungGen      total 334336K, used 323072K [0x00000000eab00000, 0x00000000ffe80000, 0x0000000100000000)
  eden space 322048K, 100% used [0x00000000eab00000,0x00000000fe580000,0x00000000fe580000)
  from space 12288K, 8% used [0x00000000ff280000,0x00000000ff380000,0x00000000ffe80000)
  to   space 12800K, 0% used [0x00000000fe580000,0x00000000fe580000,0x00000000ff200000)
 ParOldGen       total 125952K, used 31910K [0x00000000c0000000, 0x00000000c7b00000, 0x00000000eab00000)
  object space 125952K, 25% used [0x00000000c0000000,0x00000000c1f29a48,0x00000000c7b00000)
 Metaspace       used 38777K, capacity 39548K, committed 39768K, reserved 1083392K
  class space    used 5156K, capacity 5374K, committed 5504K, reserved 1048576K
Event: 13.318 GC heap after
Heap after GC invocations=25 (full 2):
 PSYoungGen      total 334848K, used 1056K [0x00000000eab00000, 0x00000000fff80000, 0x0000000100000000)
  eden space 322048K, 0% used [0x00000000eab00000,0x00000000eab00000,0x00000000fe580000)
  from space 12800K, 8% used [0x00000000fe580000,0x00000000fe688000,0x00000000ff200000)
  to   space 12288K, 0% used [0x00000000ff380000,0x00000000ff380000,0x00000000fff80000)
 ParOldGen       total 125952K, used 32766K [0x00000000c0000000, 0x00000000c7b00000, 0x00000000eab00000)
  object space 125952K, 26% used [0x00000000c0000000,0x00000000c1fffa48,0x00000000c7b00000)
 Metaspace       used 38777K, capacity 39548K, committed 39768K, reserved 1083392K
  class space    used 5156K, capacity 5374K, committed 5504K, reserved 1048576K
}
Event: 13.573 GC heap before
{Heap before GC invocations=26 (full 2):
 PSYoungGen      total 334848K, used 323104K [0x00000000eab00000, 0x00000000fff80000, 0x0000000100000000)
  eden space 322048K, 100% used [0x00000000eab00000,0x00000000fe580000,0x00000000fe580000)
  from space 12800K, 8% used [0x00000000fe580000,0x00000000fe688000,0x00000000ff200000)
  to   space 12288K, 0% used [0x00000000ff380000,0x00000000ff380000,0x00000000fff80000)
 ParOldGen       total 125952K, used 32766K [0x00000000c0000000, 0x00000000c7b00000, 0x00000000eab00000)
  object space 125952K, 26% used [0x00000000c0000000,0x00000000c1fffa48,0x00000000c7b00000)
 Metaspace       used 38777K, capacity 39548K, committed 39768K, reserved 1083392K
  class space    used 5156K, capacity 5374K, committed 5504K, reserved 1048576K
Event: 13.576 GC heap after
Heap after GC invocations=26 (full 2):
 PSYoungGen      total 335360K, used 1088K [0x00000000eab00000, 0x00000000ffe80000, 0x0000000100000000)
  eden space 324096K, 0% used [0x00000000eab00000,0x00000000eab00000,0x00000000fe780000)
  from space 11264K, 9% used [0x00000000ff380000,0x00000000ff490000,0x00000000ffe80000)
  to   space 11776K, 0% used [0x00000000fe780000,0x00000000fe780000,0x00000000ff300000)
 ParOldGen       total 125952K, used 33654K [0x00000000c0000000, 0x00000000c7b00000, 0x00000000eab00000)
  object space 125952K, 26% used [0x00000000c0000000,0x00000000c20dda48,0x00000000c7b00000)
 Metaspace       used 38777K, capacity 39548K, committed 39768K, reserved 1083392K
  class space    used 5156K, capacity 5374K, committed 5504K, reserved 1048576K
}
Event: 13.846 GC heap before
{Heap before GC invocations=27 (full 2):
 PSYoungGen      total 335360K, used 325184K [0x00000000eab00000, 0x00000000ffe80000, 0x0000000100000000)
  eden space 324096K, 100% used [0x00000000eab00000,0x00000000fe780000,0x00000000fe780000)
  from space 11264K, 9% used [0x00000000ff380000,0x00000000ff490000,0x00000000ffe80000)
  to   space 11776K, 0% used [0x00000000fe780000,0x00000000fe780000,0x00000000ff300000)
 ParOldGen       total 125952K, used 33654K [0x00000000c0000000, 0x00000000c7b00000, 0x00000000eab00000)
  object space 125952K, 26% used [0x00000000c0000000,0x00000000c20dda48,0x00000000c7b00000)
 Metaspace       used 38778K, capacity 39548K, committed 39768K, reserved 1083392K
  class space    used 5156K, capacity 5374K, committed 5504K, reserved 1048576K
Event: 13.848 GC heap after
Heap after GC invocations=27 (full 2):
 PSYoungGen      total 335872K, used 1152K [0x00000000eab00000, 0x00000000fff80000, 0x0000000100000000)
  eden space 324096K, 0% used [0x00000000eab00000,0x00000000eab00000,0x00000000fe780000)
  from space 11776K, 9% used [0x00000000fe780000,0x00000000fe8a0000,0x00000000ff300000)
  to   space 11264K, 0% used [0x00000000ff480000,0x00000000ff480000,0x00000000fff80000)
 ParOldGen       total 125952K, used 34622K [0x00000000c0000000, 0x00000000c7b00000, 0x00000000eab00000)
  object space 125952K, 27% used [0x00000000c0000000,0x00000000c21cfa48,0x00000000c7b00000)
 Metaspace       used 38778K, capacity 39548K, committed 39768K, reserved 1083392K
  class space    used 5156K, capacity 5374K, committed 5504K, reserved 1048576K
}
Event: 15.028 GC heap before
{Heap before GC invocations=28 (full 2):
 PSYoungGen      total 335872K, used 325248K [0x00000000eab00000, 0x00000000fff80000, 0x0000000100000000)
  eden space 324096K, 100% used [0x00000000eab00000,0x00000000fe780000,0x00000000fe780000)
  from space 11776K, 9% used [0x00000000fe780000,0x00000000fe8a0000,0x00000000ff300000)
  to   space 11264K, 0% used [0x00000000ff480000,0x00000000ff480000,0x00000000fff80000)
 ParOldGen       total 125952K, used 34622K [0x00000000c0000000, 0x00000000c7b00000, 0x00000000eab00000)
  object space 125952K, 27% used [0x00000000c0000000,0x00000000c21cfa48,0x00000000c7b00000)
 Metaspace       used 40217K, capacity 40882K, committed 41176K, reserved 1085440K
  class space    used 5379K, capacity 5575K, committed 5632K, reserved 1048576K
Event: 15.033 GC heap after
Heap after GC invocations=28 (full 2):
 PSYoungGen      total 337408K, used 4867K [0x00000000eab00000, 0x00000000fff80000, 0x0000000100000000)
  eden space 326144K, 0% used [0x00000000eab00000,0x00000000eab00000,0x00000000fe980000)
  from space 11264K, 43% used [0x00000000ff480000,0x00000000ff940f98,0x00000000fff80000)
  to   space 11264K, 0% used [0x00000000fe980000,0x00000000fe980000,0x00000000ff480000)
 ParOldGen       total 125952K, used 35574K [0x00000000c0000000, 0x00000000c7b00000, 0x00000000eab00000)
  object space 125952K, 28% used [0x00000000c0000000,0x00000000c22bda48,0x00000000c7b00000)
 Metaspace       used 40217K, capacity 40882K, committed 41176K, reserved 1085440K
  class space    used 5379K, capacity 5575K, committed 5632K, reserved 1048576K
}
Event: 19.738 GC heap before
{Heap before GC invocations=29 (full 2):
 PSYoungGen      total 337408K, used 331011K [0x00000000eab00000, 0x00000000fff80000, 0x0000000100000000)
  eden space 326144K, 100% used [0x00000000eab00000,0x00000000fe980000,0x00000000fe980000)
  from space 11264K, 43% used [0x00000000ff480000,0x00000000ff940f98,0x00000000fff80000)
  to   space 11264K, 0% used [0x00000000fe980000,0x00000000fe980000,0x00000000ff480000)
 ParOldGen       total 125952K, used 35574K [0x00000000c0000000, 0x00000000c7b00000, 0x00000000eab00000)
  object space 125952K, 28% used [0x00000000c0000000,0x00000000c22bda48,0x00000000c7b00000)
 Metaspace       used 41271K, capacity 42036K, committed 42200K, reserved 1085440K
  class space    used 5525K, capacity 5762K, committed 5888K, reserved 1048576K
Event: 19.799 GC heap after
Heap after GC invocations=29 (full 2):
 PSYoungGen      total 337408K, used 11232K [0x00000000eab00000, 0x0000000100000000, 0x0000000100000000)
  eden space 326144K, 0% used [0x00000000eab00000,0x00000000eab00000,0x00000000fe980000)
  from space 11264K, 99% used [0x00000000fe980000,0x00000000ff478010,0x00000000ff480000)
  to   space 11776K, 0% used [0x00000000ff480000,0x00000000ff480000,0x0000000100000000)
 ParOldGen       total 125952K, used 53572K [0x00000000c0000000, 0x00000000c7b00000, 0x00000000eab00000)
  object space 125952K, 42% used [0x00000000c0000000,0x00000000c34512f0,0x00000000c7b00000)
 Metaspace       used 41271K, capacity 42036K, committed 42200K, reserved 1085440K
  class space    used 5525K, capacity 5762K, committed 5888K, reserved 1048576K
}
Event: 91.874 GC heap before
{Heap before GC invocations=30 (full 2):
 PSYoungGen      total 337408K, used 337376K [0x00000000eab00000, 0x0000000100000000, 0x0000000100000000)
  eden space 326144K, 100% used [0x00000000eab00000,0x00000000fe980000,0x00000000fe980000)
  from space 11264K, 99% used [0x00000000fe980000,0x00000000ff478010,0x00000000ff480000)
  to   space 11776K, 0% used [0x00000000ff480000,0x00000000ff480000,0x0000000100000000)
 ParOldGen       total 125952K, used 53572K [0x00000000c0000000, 0x00000000c7b00000, 0x00000000eab00000)
  object space 125952K, 42% used [0x00000000c0000000,0x00000000c34512f0,0x00000000c7b00000)
 Metaspace       used 50383K, capacity 51496K, committed 51928K, reserved 1093632K
  class space    used 6483K, capacity 6789K, committed 6912K, reserved 1048576K
Event: 91.890 GC heap after
Heap after GC invocations=30 (full 2):
 PSYoungGen      total 309760K, used 11761K [0x00000000eab00000, 0x0000000100000000, 0x0000000100000000)
  eden space 297984K, 0% used [0x00000000eab00000,0x00000000eab00000,0x00000000fce00000)
  from space 11776K, 99% used [0x00000000ff480000,0x00000000ffffc570,0x0000000100000000)
  to   space 25600K, 0% used [0x00000000fce00000,0x00000000fce00000,0x00000000fe700000)
 ParOldGen       total 125952K, used 66915K [0x00000000c0000000, 0x00000000c7b00000, 0x00000000eab00000)
  object space 125952K, 53% used [0x00000000c0000000,0x00000000c4158cf8,0x00000000c7b00000)
 Metaspace       used 50383K, capacity 51496K, committed 51928K, reserved 1093632K
  class space    used 6483K, capacity 6789K, committed 6912K, reserved 1048576K
}
Event: 94.042 GC heap before
{Heap before GC invocations=31 (full 2):
 PSYoungGen      total 309760K, used 309745K [0x00000000eab00000, 0x0000000100000000, 0x0000000100000000)
  eden space 297984K, 100% used [0x00000000eab00000,0x00000000fce00000,0x00000000fce00000)
  from space 11776K, 99% used [0x00000000ff480000,0x00000000ffffc570,0x0000000100000000)
  to   space 25600K, 0% used [0x00000000fce00000,0x00000000fce00000,0x00000000fe700000)
 ParOldGen       total 125952K, used 66915K [0x00000000c0000000, 0x00000000c7b00000, 0x00000000eab00000)
  object space 125952K, 53% used [0x00000000c0000000,0x00000000c4158cf8,0x00000000c7b00000)
 Metaspace       used 55478K, capacity 57052K, committed 57304K, reserved 1099776K
  class space    used 7176K, capacity 7594K, committed 7680K, reserved 1048576K
Event: 94.062 GC heap after
Heap after GC invocations=31 (full 2):
 PSYoungGen      total 313344K, used 15327K [0x00000000eab00000, 0x0000000100000000, 0x0000000100000000)
  eden space 297984K, 0% used [0x00000000eab00000,0x00000000eab00000,0x00000000fce00000)
  from space 15360K, 99% used [0x00000000fce00000,0x00000000fdcf7dd8,0x00000000fdd00000)
  to   space 26624K, 0% used [0x00000000fe600000,0x00000000fe600000,0x0000000100000000)
 ParOldGen       total 125952K, used 74980K [0x00000000c0000000, 0x00000000c7b00000, 0x00000000eab00000)
  object space 125952K, 59% used [0x00000000c0000000,0x00000000c4939358,0x00000000c7b00000)
 Metaspace       used 55478K, capacity 57052K, committed 57304K, reserved 1099776K
  class space    used 7176K, capacity 7594K, committed 7680K, reserved 1048576K
}
Event: 94.449 GC heap before
{Heap before GC invocations=32 (full 2):
 PSYoungGen      total 313344K, used 51444K [0x00000000eab00000, 0x0000000100000000, 0x0000000100000000)
  eden space 297984K, 12% used [0x00000000eab00000,0x00000000ece45340,0x00000000fce00000)
  from space 15360K, 99% used [0x00000000fce00000,0x00000000fdcf7dd8,0x00000000fdd00000)
  to   space 26624K, 0% used [0x00000000fe600000,0x00000000fe600000,0x0000000100000000)
 ParOldGen       total 125952K, used 74980K [0x00000000c0000000, 0x00000000c7b00000, 0x00000000eab00000)
  object space 125952K, 59% used [0x00000000c0000000,0x00000000c4939358,0x00000000c7b00000)
 Metaspace       used 56720K, capacity 58994K, committed 59028K, reserved 1099776K
  class space    used 7316K, capacity 7834K, committed 7868K, reserved 1048576K
Event: 94.462 GC heap after
Heap after GC invocations=32 (full 2):
 PSYoungGen      total 317440K, used 19704K [0x00000000eab00000, 0x0000000100000000, 0x0000000100000000)
  eden space 290816K, 0% used [0x00000000eab00000,0x00000000eab00000,0x00000000fc700000)
  from space 26624K, 74% used [0x00000000fe600000,0x00000000ff93e0e0,0x0000000100000000)
  to   space 29184K, 0% used [0x00000000fc700000,0x00000000fc700000,0x00000000fe380000)
 ParOldGen       total 125952K, used 74988K [0x00000000c0000000, 0x00000000c7b00000, 0x00000000eab00000)
  object space 125952K, 59% used [0x00000000c0000000,0x00000000c493b358,0x00000000c7b00000)
 Metaspace       used 56720K, capacity 58994K, committed 59028K, reserved 1099776K
  class space    used 7316K, capacity 7834K, committed 7868K, reserved 1048576K
}
Event: 94.462 GC heap before
{Heap before GC invocations=33 (full 3):
 PSYoungGen      total 317440K, used 19704K [0x00000000eab00000, 0x0000000100000000, 0x0000000100000000)
  eden space 290816K, 0% used [0x00000000eab00000,0x00000000eab00000,0x00000000fc700000)
  from space 26624K, 74% used [0x00000000fe600000,0x00000000ff93e0e0,0x0000000100000000)
  to   space 29184K, 0% used [0x00000000fc700000,0x00000000fc700000,0x00000000fe380000)
 ParOldGen       total 125952K, used 74988K [0x00000000c0000000, 0x00000000c7b00000, 0x00000000eab00000)
  object space 125952K, 59% used [0x00000000c0000000,0x00000000c493b358,0x00000000c7b00000)
 Metaspace       used 56720K, capacity 58994K, committed 59028K, reserved 1099776K
  class space    used 7316K, capacity 7834K, committed 7868K, reserved 1048576K
Event: 94.686 GC heap after
Heap after GC invocations=33 (full 3):
 PSYoungGen      total 317440K, used 0K [0x00000000eab00000, 0x0000000100000000, 0x0000000100000000)
  eden space 290816K, 0% used [0x00000000eab00000,0x00000000eab00000,0x00000000fc700000)
  from space 26624K, 0% used [0x00000000fe600000,0x00000000fe600000,0x0000000100000000)
  to   space 29184K, 0% used [0x00000000fc700000,0x00000000fc700000,0x00000000fe380000)
 ParOldGen       total 187904K, used 45045K [0x00000000c0000000, 0x00000000cb780000, 0x00000000eab00000)
  object space 187904K, 23% used [0x00000000c0000000,0x00000000c2bfd490,0x00000000cb780000)
 Metaspace       used 56426K, capacity 58622K, committed 59028K, reserved 1099776K
  class space    used 7241K, capacity 7739K, committed 7868K, reserved 1048576K
}
Event: 511.548 GC heap before
{Heap before GC invocations=34 (full 3):
 PSYoungGen      total 317440K, used 290816K [0x00000000eab00000, 0x0000000100000000, 0x0000000100000000)
  eden space 290816K, 100% used [0x00000000eab00000,0x00000000fc700000,0x00000000fc700000)
  from space 26624K, 0% used [0x00000000fe600000,0x00000000fe600000,0x0000000100000000)
  to   space 29184K, 0% used [0x00000000fc700000,0x00000000fc700000,0x00000000fe380000)
 ParOldGen       total 187904K, used 45045K [0x00000000c0000000, 0x00000000cb780000, 0x00000000eab00000)
  object space 187904K, 23% used [0x00000000c0000000,0x00000000c2bfd490,0x00000000cb780000)
 Metaspace       used 60664K, capacity 64250K, committed 64532K, reserved 1105920K
  class space    used 7861K, capacity 8670K, committed 8764K, reserved 1048576K
Event: 511.563 GC heap after
Heap after GC invocations=34 (full 3):
 PSYoungGen      total 313856K, used 22856K [0x00000000eab00000, 0x0000000100000000, 0x0000000100000000)
  eden space 290816K, 0% used [0x00000000eab00000,0x00000000eab00000,0x00000000fc700000)
  from space 23040K, 99% used [0x00000000fc700000,0x00000000fdd52340,0x00000000fdd80000)
  to   space 32256K, 0% used [0x00000000fe080000,0x00000000fe080000,0x0000000100000000)
 ParOldGen       total 187904K, used 45053K [0x00000000c0000000, 0x00000000cb780000, 0x00000000eab00000)
  object space 187904K, 23% used [0x00000000c0000000,0x00000000c2bff490,0x00000000cb780000)
 Metaspace       used 60664K, capacity 64250K, committed 64532K, reserved 1105920K
  class space    used 7861K, capacity 8670K, committed 8764K, reserved 1048576K
}
Event: 518.194 GC heap before
{Heap before GC invocations=35 (full 3):
 PSYoungGen      total 313856K, used 313672K [0x00000000eab00000, 0x0000000100000000, 0x0000000100000000)
  eden space 290816K, 100% used [0x00000000eab00000,0x00000000fc700000,0x00000000fc700000)
  from space 23040K, 99% used [0x00000000fc700000,0x00000000fdd52340,0x00000000fdd80000)
  to   space 32256K, 0% used [0x00000000fe080000,0x00000000fe080000,0x0000000100000000)
 ParOldGen       total 187904K, used 45053K [0x00000000c0000000, 0x00000000cb780000, 0x00000000eab00000)
  object space 187904K, 23% used [0x00000000c0000000,0x00000000c2bff490,0x00000000cb780000)
 Metaspace       used 66128K, capacity 71136K, committed 71188K, reserved 1110016K
  class space    used 8697K, capacity 10000K, committed 10044K, reserved 1048576K
Event: 518.215 GC heap after
Heap after GC invocations=35 (full 3):
 PSYoungGen      total 312832K, used 22998K [0x00000000eab00000, 0x0000000100000000, 0x0000000100000000)
  eden space 280576K, 0% used [0x00000000eab00000,0x00000000eab00000,0x00000000fbd00000)
  from space 32256K, 71% used [0x00000000fe080000,0x00000000ff6f5908,0x0000000100000000)
  to   space 34304K, 0% used [0x00000000fbd00000,0x00000000fbd00000,0x00000000fde80000)
 ParOldGen       total 187904K, used 65157K [0x00000000c0000000, 0x00000000cb780000, 0x00000000eab00000)
  object space 187904K, 34% used [0x00000000c0000000,0x00000000c3fa1498,0x00000000cb780000)
 Metaspace       used 66128K, capacity 71136K, committed 71188K, reserved 1110016K
  class space    used 8697K, capacity 10000K, committed 10044K, reserved 1048576K
}
Event: 639.894 GC heap before
{Heap before GC invocations=36 (full 3):
 PSYoungGen      total 312832K, used 303574K [0x00000000eab00000, 0x0000000100000000, 0x0000000100000000)
  eden space 280576K, 100% used [0x00000000eab00000,0x00000000fbd00000,0x00000000fbd00000)
  from space 32256K, 71% used [0x00000000fe080000,0x00000000ff6f5908,0x0000000100000000)
  to   space 34304K, 0% used [0x00000000fbd00000,0x00000000fbd00000,0x00000000fde80000)
 ParOldGen       total 187904K, used 65157K [0x00000000c0000000, 0x00000000cb780000, 0x00000000eab00000)
  object space 187904K, 34% used [0x00000000c0000000,0x00000000c3fa1498,0x00000000cb780000)
 Metaspace       used 72132K, capacity 77565K, committed 77844K, reserved 1116160K
  class space    used 9384K, capacity 10778K, committed 10812K, reserved 1048576K
Event: 639.928 GC heap after
Heap after GC invocations=36 (full 3):
 PSYoungGen      total 314880K, used 16670K [0x00000000eab00000, 0x0000000100000000, 0x0000000100000000)
  eden space 280576K, 0% used [0x00000000eab00000,0x00000000eab00000,0x00000000fbd00000)
  from space 34304K, 48% used [0x00000000fbd00000,0x00000000fcd47a18,0x00000000fde80000)
  to   space 33792K, 0% used [0x00000000fdf00000,0x00000000fdf00000,0x0000000100000000)
 ParOldGen       total 187904K, used 83235K [0x00000000c0000000, 0x00000000cb780000, 0x00000000eab00000)
  object space 187904K, 44% used [0x00000000c0000000,0x00000000c5148e28,0x00000000cb780000)
 Metaspace       used 72132K, capacity 77565K, committed 77844K, reserved 1116160K
  class space    used 9384K, capacity 10778K, committed 10812K, reserved 1048576K
}
Event: 677.790 GC heap before
{Heap before GC invocations=37 (full 3):
 PSYoungGen      total 314880K, used 297246K [0x00000000eab00000, 0x0000000100000000, 0x0000000100000000)
  eden space 280576K, 100% used [0x00000000eab00000,0x00000000fbd00000,0x00000000fbd00000)
  from space 34304K, 48% used [0x00000000fbd00000,0x00000000fcd47a18,0x00000000fde80000)
  to   space 33792K, 0% used [0x00000000fdf00000,0x00000000fdf00000,0x0000000100000000)
 ParOldGen       total 187904K, used 83235K [0x00000000c0000000, 0x00000000cb780000, 0x00000000eab00000)
  object space 187904K, 44% used [0x00000000c0000000,0x00000000c5148e28,0x00000000cb780000)
 Metaspace       used 72772K, capacity 78239K, committed 78356K, reserved 1116160K
  class space    used 9398K, capacity 10805K, committed 10812K, reserved 1048576K
Event: 677.808 GC heap after
Heap after GC invocations=37 (full 3):
 PSYoungGen      total 291840K, used 9821K [0x00000000eab00000, 0x00000000ff300000, 0x0000000100000000)
  eden space 271360K, 0% used [0x00000000eab00000,0x00000000eab00000,0x00000000fb400000)
  from space 20480K, 47% used [0x00000000fdf00000,0x00000000fe897660,0x00000000ff300000)
  to   space 32256K, 0% used [0x00000000fb400000,0x00000000fb400000,0x00000000fd380000)
 ParOldGen       total 187904K, used 91036K [0x00000000c0000000, 0x00000000cb780000, 0x00000000eab00000)
  object space 187904K, 48% used [0x00000000c0000000,0x00000000c58e7220,0x00000000cb780000)
 Metaspace       used 72772K, capacity 78239K, committed 78356K, reserved 1116160K
  class space    used 9398K, capacity 10805K, committed 10812K, reserved 1048576K
}
Event: 709.295 GC heap before
{Heap before GC invocations=38 (full 3):
 PSYoungGen      total 291840K, used 281181K [0x00000000eab00000, 0x00000000ff300000, 0x0000000100000000)
  eden space 271360K, 100% used [0x00000000eab00000,0x00000000fb400000,0x00000000fb400000)
  from space 20480K, 47% used [0x00000000fdf00000,0x00000000fe897660,0x00000000ff300000)
  to   space 32256K, 0% used [0x00000000fb400000,0x00000000fb400000,0x00000000fd380000)
 ParOldGen       total 187904K, used 91036K [0x00000000c0000000, 0x00000000cb780000, 0x00000000eab00000)
  object space 187904K, 48% used [0x00000000c0000000,0x00000000c58e7220,0x00000000cb780000)
 Metaspace       used 73002K, capacity 78495K, committed 78612K, reserved 1118208K
  class space    used 9401K, capacity 10805K, committed 10812K, reserved 1048576K
Event: 709.315 GC heap after
Heap after GC invocations=38 (full 3):
 PSYoungGen      total 274432K, used 11326K [0x00000000eab00000, 0x00000000fe780000, 0x0000000100000000)
  eden space 262656K, 0% used [0x00000000eab00000,0x00000000eab00000,0x00000000fab80000)
  from space 11776K, 96% used [0x00000000fb400000,0x00000000fbf0f940,0x00000000fbf80000)
  to   space 30720K, 0% used [0x00000000fc980000,0x00000000fc980000,0x00000000fe780000)
 ParOldGen       total 187904K, used 91044K [0x00000000c0000000, 0x00000000cb780000, 0x00000000eab00000)
  object space 187904K, 48% used [0x00000000c0000000,0x00000000c58e9220,0x00000000cb780000)
 Metaspace       used 73002K, capacity 78495K, committed 78612K, reserved 1118208K
  class space    used 9401K, capacity 10805K, committed 10812K, reserved 1048576K
}
Event: 931.838 GC heap before
{Heap before GC invocations=39 (full 3):
 PSYoungGen      total 274432K, used 273982K [0x00000000eab00000, 0x00000000fe780000, 0x0000000100000000)
  eden space 262656K, 100% used [0x00000000eab00000,0x00000000fab80000,0x00000000fab80000)
  from space 11776K, 96% used [0x00000000fb400000,0x00000000fbf0f940,0x00000000fbf80000)
  to   space 30720K, 0% used [0x00000000fc980000,0x00000000fc980000,0x00000000fe780000)
 ParOldGen       total 187904K, used 91044K [0x00000000c0000000, 0x00000000cb780000, 0x00000000eab00000)
  object space 187904K, 48% used [0x00000000c0000000,0x00000000c58e9220,0x00000000cb780000)
 Metaspace       used 74051K, capacity 79791K, committed 79892K, reserved 1118208K
  class space    used 9513K, capacity 10988K, committed 11068K, reserved 1048576K
Event: 931.852 GC heap after
Heap after GC invocations=39 (full 3):
 PSYoungGen      total 276992K, used 19333K [0x00000000eab00000, 0x00000000fe000000, 0x0000000100000000)
  eden space 253952K, 0% used [0x00000000eab00000,0x00000000eab00000,0x00000000fa300000)
  from space 23040K, 83% used [0x00000000fc980000,0x00000000fdc617a0,0x00000000fe000000)
  to   space 31232K, 0% used [0x00000000fa300000,0x00000000fa300000,0x00000000fc180000)
 ParOldGen       total 187904K, used 91052K [0x00000000c0000000, 0x00000000cb780000, 0x00000000eab00000)
  object space 187904K, 48% used [0x00000000c0000000,0x00000000c58eb220,0x00000000cb780000)
 Metaspace       used 74051K, capacity 79791K, committed 79892K, reserved 1118208K
  class space    used 9513K, capacity 10988K, committed 11068K, reserved 1048576K
}
Event: 934.467 GC heap before
{Heap before GC invocations=40 (full 3):
 PSYoungGen      total 276992K, used 273285K [0x00000000eab00000, 0x00000000fe000000, 0x0000000100000000)
  eden space 253952K, 100% used [0x00000000eab00000,0x00000000fa300000,0x00000000fa300000)
  from space 23040K, 83% used [0x00000000fc980000,0x00000000fdc617a0,0x00000000fe000000)
  to   space 31232K, 0% used [0x00000000fa300000,0x00000000fa300000,0x00000000fc180000)
 ParOldGen       total 187904K, used 91052K [0x00000000c0000000, 0x00000000cb780000, 0x00000000eab00000)
  object space 187904K, 48% used [0x00000000c0000000,0x00000000c58eb220,0x00000000cb780000)
 Metaspace       used 76455K, capacity 82729K, committed 82836K, reserved 1120256K
  class space    used 9803K, capacity 11347K, committed 11452K, reserved 1048576K
Event: 934.489 GC heap after
Heap after GC invocations=40 (full 3):
 PSYoungGen      total 276992K, used 31219K [0x00000000eab00000, 0x00000000fe900000, 0x0000000100000000)
  eden space 245760K, 0% used [0x00000000eab00000,0x00000000eab00000,0x00000000f9b00000)
  from space 31232K, 99% used [0x00000000fa300000,0x00000000fc17cf68,0x00000000fc180000)
  to   space 39936K, 0% used [0x00000000fc200000,0x00000000fc200000,0x00000000fe900000)
 ParOldGen       total 187904K, used 100387K [0x00000000c0000000, 0x00000000cb780000, 0x00000000eab00000)
  object space 187904K, 53% used [0x00000000c0000000,0x00000000c6208d08,0x00000000cb780000)
 Metaspace       used 76455K, capacity 82729K, committed 82836K, reserved 1120256K
  class space    used 9803K, capacity 11347K, committed 11452K, reserved 1048576K
}
Event: 935.386 GC heap before
{Heap before GC invocations=41 (full 3):
 PSYoungGen      total 276992K, used 276979K [0x00000000eab00000, 0x00000000fe900000, 0x0000000100000000)
  eden space 245760K, 100% used [0x00000000eab00000,0x00000000f9b00000,0x00000000f9b00000)
  from space 31232K, 99% used [0x00000000fa300000,0x00000000fc17cf68,0x00000000fc180000)
  to   space 39936K, 0% used [0x00000000fc200000,0x00000000fc200000,0x00000000fe900000)
 ParOldGen       total 187904K, used 100387K [0x00000000c0000000, 0x00000000cb780000, 0x00000000eab00000)
  object space 187904K, 53% used [0x00000000c0000000,0x00000000c6208d08,0x00000000cb780000)
 Metaspace       used 76711K, capacity 82945K, committed 83092K, reserved 1120256K
  class space    used 9806K, capacity 11351K, committed 11452K, reserved 1048576K
Event: 935.415 GC heap after
Heap after GC invocations=41 (full 3):
 PSYoungGen      total 279552K, used 38714K [0x00000000eab00000, 0x0000000100000000, 0x0000000100000000)
  eden space 239616K, 0% used [0x00000000eab00000,0x00000000eab00000,0x00000000f9500000)
  from space 39936K, 96% used [0x00000000fc200000,0x00000000fe7cea38,0x00000000fe900000)
  to   space 46080K, 0% used [0x00000000f9500000,0x00000000f9500000,0x00000000fc200000)
 ParOldGen       total 187904K, used 105510K [0x00000000c0000000, 0x00000000cb780000, 0x00000000eab00000)
  object space 187904K, 56% used [0x00000000c0000000,0x00000000c67099f0,0x00000000cb780000)
 Metaspace       used 76711K, capacity 82945K, committed 83092K, reserved 1120256K
  class space    used 9806K, capacity 11351K, committed 11452K, reserved 1048576K
}
Event: 1701.089 GC heap before
{Heap before GC invocations=42 (full 3):
 PSYoungGen      total 279552K, used 278330K [0x00000000eab00000, 0x0000000100000000, 0x0000000100000000)
  eden space 239616K, 100% used [0x00000000eab00000,0x00000000f9500000,0x00000000f9500000)
  from space 39936K, 96% used [0x00000000fc200000,0x00000000fe7cea38,0x00000000fe900000)
  to   space 46080K, 0% used [0x00000000f9500000,0x00000000f9500000,0x00000000fc200000)
 ParOldGen       total 187904K, used 105510K [0x00000000c0000000, 0x00000000cb780000, 0x00000000eab00000)
  object space 187904K, 56% used [0x00000000c0000000,0x00000000c67099f0,0x00000000cb780000)
 Metaspace       used 77045K, capacity 83491K, committed 83604K, reserved 1122304K
  class space    used 9815K, capacity 11367K, committed 11452K, reserved 1048576K
Event: 1701.124 GC heap after
Heap after GC invocations=42 (full 3):
 PSYoungGen      total 273920K, used 41792K [0x00000000eab00000, 0x00000000ff280000, 0x0000000100000000)
  eden space 231936K, 0% used [0x00000000eab00000,0x00000000eab00000,0x00000000f8d80000)
  from space 41984K, 99% used [0x00000000f9500000,0x00000000fbdd02a0,0x00000000fbe00000)
  to   space 51712K, 0% used [0x00000000fc000000,0x00000000fc000000,0x00000000ff280000)
 ParOldGen       total 187904K, used 130195K [0x00000000c0000000, 0x00000000cb780000, 0x00000000eab00000)
  object space 187904K, 69% used [0x00000000c0000000,0x00000000c7f24e48,0x00000000cb780000)
 Metaspace       used 77045K, capacity 83491K, committed 83604K, reserved 1122304K
  class space    used 9815K, capacity 11367K, committed 11452K, reserved 1048576K
}
Event: 1758.684 GC heap before
{Heap before GC invocations=43 (full 3):
 PSYoungGen      total 273920K, used 273728K [0x00000000eab00000, 0x00000000ff280000, 0x0000000100000000)
  eden space 231936K, 100% used [0x00000000eab00000,0x00000000f8d80000,0x00000000f8d80000)
  from space 41984K, 99% used [0x00000000f9500000,0x00000000fbdd02a0,0x00000000fbe00000)
  to   space 51712K, 0% used [0x00000000fc000000,0x00000000fc000000,0x00000000ff280000)
 ParOldGen       total 187904K, used 130195K [0x00000000c0000000, 0x00000000cb780000, 0x00000000eab00000)
  object space 187904K, 69% used [0x00000000c0000000,0x00000000c7f24e48,0x00000000cb780000)
 Metaspace       used 78319K, capacity 84995K, committed 85140K, reserved 1122304K
  class space    used 9967K, capacity 11585K, committed 11708K, reserved 1048576K
Event: 1758.718 GC heap after
Heap after GC invocations=43 (full 3):
 PSYoungGen      total 265216K, used 22578K [0x00000000eab00000, 0x00000000fe780000, 0x0000000100000000)
  eden space 224768K, 0% used [0x00000000eab00000,0x00000000eab00000,0x00000000f8680000)
  from space 40448K, 55% used [0x00000000fc000000,0x00000000fd60c9a8,0x00000000fe780000)
  to   space 49664K, 0% used [0x00000000f8680000,0x00000000f8680000,0x00000000fb700000)
 ParOldGen       total 187904K, used 154837K [0x00000000c0000000, 0x00000000cb780000, 0x00000000eab00000)
  object space 187904K, 82% used [0x00000000c0000000,0x00000000c9735618,0x00000000cb780000)
 Metaspace       used 78319K, capacity 84995K, committed 85140K, reserved 1122304K
  class space    used 9967K, capacity 11585K, committed 11708K, reserved 1048576K
}
Event: 1819.517 GC heap before
{Heap before GC invocations=44 (full 3):
 PSYoungGen      total 265216K, used 247346K [0x00000000eab00000, 0x00000000fe780000, 0x0000000100000000)
  eden space 224768K, 100% used [0x00000000eab00000,0x00000000f8680000,0x00000000f8680000)
  from space 40448K, 55% used [0x00000000fc000000,0x00000000fd60c9a8,0x00000000fe780000)
  to   space 49664K, 0% used [0x00000000f8680000,0x00000000f8680000,0x00000000fb700000)
 ParOldGen       total 187904K, used 154837K [0x00000000c0000000, 0x00000000cb780000, 0x00000000eab00000)
  object space 187904K, 82% used [0x00000000c0000000,0x00000000c9735618,0x00000000cb780000)
 Metaspace       used 79448K, capacity 86481K, committed 86548K, reserved 1124352K
  class space    used 10087K, capacity 11773K, committed 11836K, reserved 1048576K
Event: 1819.532 GC heap after
Heap after GC invocations=44 (full 3):
 PSYoungGen      total 240128K, used 21534K [0x00000000eab00000, 0x00000000fdc00000, 0x0000000100000000)
  eden space 218112K, 0% used [0x00000000eab00000,0x00000000eab00000,0x00000000f8000000)
  from space 22016K, 97% used [0x00000000f8680000,0x00000000f9b87af0,0x00000000f9c00000)
  to   space 47104K, 0% used [0x00000000fae00000,0x00000000fae00000,0x00000000fdc00000)
 ParOldGen       total 187904K, used 155685K [0x00000000c0000000, 0x00000000cb780000, 0x00000000eab00000)
  object space 187904K, 82% used [0x00000000c0000000,0x00000000c9809618,0x00000000cb780000)
 Metaspace       used 79448K, capacity 86481K, committed 86548K, reserved 1124352K
  class space    used 10087K, capacity 11773K, committed 11836K, reserved 1048576K
}
Event: 1821.786 GC heap before
{Heap before GC invocations=45 (full 3):
 PSYoungGen      total 240128K, used 239646K [0x00000000eab00000, 0x00000000fdc00000, 0x0000000100000000)
  eden space 218112K, 100% used [0x00000000eab00000,0x00000000f8000000,0x00000000f8000000)
  from space 22016K, 97% used [0x00000000f8680000,0x00000000f9b87af0,0x00000000f9c00000)
  to   space 47104K, 0% used [0x00000000fae00000,0x00000000fae00000,0x00000000fdc00000)
 ParOldGen       total 187904K, used 155685K [0x00000000c0000000, 0x00000000cb780000, 0x00000000eab00000)
  object space 187904K, 82% used [0x00000000c0000000,0x00000000c9809618,0x00000000cb780000)
 Metaspace       used 85668K, capacity 92713K, committed 92948K, reserved 1130496K
  class space    used 10805K, capacity 12547K, committed 12604K, reserved 1048576K
Event: 1821.802 GC heap after
Heap after GC invocations=45 (full 3):
 PSYoungGen      total 252928K, used 28597K [0x00000000eab00000, 0x00000000fd680000, 0x0000000100000000)
  eden space 211456K, 0% used [0x00000000eab00000,0x00000000eab00000,0x00000000f7980000)
  from space 41472K, 68% used [0x00000000fae00000,0x00000000fc9ed728,0x00000000fd680000)
  to   space 47616K, 0% used [0x00000000f7980000,0x00000000f7980000,0x00000000fa800000)
 ParOldGen       total 187904K, used 155693K [0x00000000c0000000, 0x00000000cb780000, 0x00000000eab00000)
  object space 187904K, 82% used [0x00000000c0000000,0x00000000c980b618,0x00000000cb780000)
 Metaspace       used 85668K, capacity 92713K, committed 92948K, reserved 1130496K
  class space    used 10805K, capacity 12547K, committed 12604K, reserved 1048576K
}
Event: 1825.896 GC heap before
{Heap before GC invocations=46 (full 3):
 PSYoungGen      total 252928K, used 240053K [0x00000000eab00000, 0x00000000fd680000, 0x0000000100000000)
  eden space 211456K, 100% used [0x00000000eab00000,0x00000000f7980000,0x00000000f7980000)
  from space 41472K, 68% used [0x00000000fae00000,0x00000000fc9ed728,0x00000000fd680000)
  to   space 47616K, 0% used [0x00000000f7980000,0x00000000f7980000,0x00000000fa800000)
 ParOldGen       total 187904K, used 155693K [0x00000000c0000000, 0x00000000cb780000, 0x00000000eab00000)
  object space 187904K, 82% used [0x00000000c0000000,0x00000000c980b618,0x00000000cb780000)
 Metaspace       used 87777K, capacity 94979K, committed 95124K, reserved 1132544K
  class space    used 11100K, capacity 12868K, committed 12988K, reserved 1048576K
Event: 1825.914 GC heap after
Heap after GC invocations=46 (full 3):
 PSYoungGen      total 235520K, used 29880K [0x00000000eab00000, 0x00000000fd180000, 0x0000000100000000)
  eden space 205312K, 0% used [0x00000000eab00000,0x00000000eab00000,0x00000000f7380000)
  from space 30208K, 98% used [0x00000000f7980000,0x00000000f96ae350,0x00000000f9700000)
  to   space 48128K, 0% used [0x00000000fa280000,0x00000000fa280000,0x00000000fd180000)
 ParOldGen       total 187904K, used 155701K [0x00000000c0000000, 0x00000000cb780000, 0x00000000eab00000)
  object space 187904K, 82% used [0x00000000c0000000,0x00000000c980d618,0x00000000cb780000)
 Metaspace       used 87777K, capacity 94979K, committed 95124K, reserved 1132544K
  class space    used 11100K, capacity 12868K, committed 12988K, reserved 1048576K
}
Event: 1826.869 GC heap before
{Heap before GC invocations=47 (full 3):
 PSYoungGen      total 235520K, used 235192K [0x00000000eab00000, 0x00000000fd180000, 0x0000000100000000)
  eden space 205312K, 100% used [0x00000000eab00000,0x00000000f7380000,0x00000000f7380000)
  from space 30208K, 98% used [0x00000000f7980000,0x00000000f96ae350,0x00000000f9700000)
  to   space 48128K, 0% used [0x00000000fa280000,0x00000000fa280000,0x00000000fd180000)
 ParOldGen       total 187904K, used 155701K [0x00000000c0000000, 0x00000000cb780000, 0x00000000eab00000)
  object space 187904K, 82% used [0x00000000c0000000,0x00000000c980d618,0x00000000cb780000)
 Metaspace       used 88027K, capacity 95177K, committed 95380K, reserved 1132544K
  class space    used 11104K, capacity 12869K, committed 12988K, reserved 1048576K
Event: 1826.904 GC heap after
Heap after GC invocations=47 (full 3):
 PSYoungGen      total 246272K, used 48125K [0x00000000eab00000, 0x00000000ffd80000, 0x0000000100000000)
  eden space 198144K, 0% used [0x00000000eab00000,0x00000000eab00000,0x00000000f6c80000)
  from space 48128K, 99% used [0x00000000fa280000,0x00000000fd17f650,0x00000000fd180000)
  to   space 55296K, 0% used [0x00000000f6c80000,0x00000000f6c80000,0x00000000fa280000)
 ParOldGen       total 187904K, used 157261K [0x00000000c0000000, 0x00000000cb780000, 0x00000000eab00000)
  object space 187904K, 83% used [0x00000000c0000000,0x00000000c9993628,0x00000000cb780000)
 Metaspace       used 88027K, capacity 95177K, committed 95380K, reserved 1132544K
  class space    used 11104K, capacity 12869K, committed 12988K, reserved 1048576K
}
Event: 1828.686 GC heap before
{Heap before GC invocations=48 (full 3):
 PSYoungGen      total 246272K, used 246269K [0x00000000eab00000, 0x00000000ffd80000, 0x0000000100000000)
  eden space 198144K, 100% used [0x00000000eab00000,0x00000000f6c80000,0x00000000f6c80000)
  from space 48128K, 99% used [0x00000000fa280000,0x00000000fd17f650,0x00000000fd180000)
  to   space 55296K, 0% used [0x00000000f6c80000,0x00000000f6c80000,0x00000000fa280000)
 ParOldGen       total 187904K, used 157261K [0x00000000c0000000, 0x00000000cb780000, 0x00000000eab00000)
  object space 187904K, 83% used [0x00000000c0000000,0x00000000c9993628,0x00000000cb780000)
 Metaspace       used 89657K, capacity 96777K, committed 96916K, reserved 1132544K
  class space    used 11161K, capacity 12933K, committed 12988K, reserved 1048576K
Event: 1828.716 GC heap after
Heap after GC invocations=48 (full 3):
 PSYoungGen      total 253440K, used 27107K [0x00000000eab00000, 0x00000000ff280000, 0x0000000100000000)
  eden space 198144K, 0% used [0x00000000eab00000,0x00000000eab00000,0x00000000f6c80000)
  from space 55296K, 49% used [0x00000000f6c80000,0x00000000f86f8e00,0x00000000fa280000)
  to   space 53248K, 0% used [0x00000000fbe80000,0x00000000fbe80000,0x00000000ff280000)
 ParOldGen       total 187904K, used 184673K [0x00000000c0000000, 0x00000000cb780000, 0x00000000eab00000)
  object space 187904K, 98% used [0x00000000c0000000,0x00000000cb4586c8,0x00000000cb780000)
 Metaspace       used 89657K, capacity 96777K, committed 96916K, reserved 1132544K
  class space    used 11161K, capacity 12933K, committed 12988K, reserved 1048576K
}
Event: 1828.716 GC heap before
{Heap before GC invocations=49 (full 4):
 PSYoungGen      total 253440K, used 27107K [0x00000000eab00000, 0x00000000ff280000, 0x0000000100000000)
  eden space 198144K, 0% used [0x00000000eab00000,0x00000000eab00000,0x00000000f6c80000)
  from space 55296K, 49% used [0x00000000f6c80000,0x00000000f86f8e00,0x00000000fa280000)
  to   space 53248K, 0% used [0x00000000fbe80000,0x00000000fbe80000,0x00000000ff280000)
 ParOldGen       total 187904K, used 184673K [0x00000000c0000000, 0x00000000cb780000, 0x00000000eab00000)
  object space 187904K, 98% used [0x00000000c0000000,0x00000000cb4586c8,0x00000000cb780000)
 Metaspace       used 89657K, capacity 96777K, committed 96916K, reserved 1132544K
  class space    used 11161K, capacity 12933K, committed 12988K, reserved 1048576K
Event: 1828.967 GC heap after
Heap after GC invocations=49 (full 4):
 PSYoungGen      total 253440K, used 0K [0x00000000eab00000, 0x00000000ff280000, 0x0000000100000000)
  eden space 198144K, 0% used [0x00000000eab00000,0x00000000eab00000,0x00000000f6c80000)
  from space 55296K, 0% used [0x00000000f6c80000,0x00000000f6c80000,0x00000000fa280000)
  to   space 53248K, 0% used [0x00000000fbe80000,0x00000000fbe80000,0x00000000ff280000)
 ParOldGen       total 285696K, used 103156K [0x00000000c0000000, 0x00000000d1700000, 0x00000000eab00000)
  object space 285696K, 36% used [0x00000000c0000000,0x00000000c64bd200,0x00000000d1700000)
 Metaspace       used 87221K, capacity 92589K, committed 96916K, reserved 1132544K
  class space    used 10701K, capacity 11965K, committed 12988K, reserved 1048576K
}

